{"/Users/brandonkhor/Desktop/code/cse110-sp25-group29/source/assets/scripts/homepage.js": {"path":"/Users/brandonkhor/Desktop/code/cse110-sp25-group29/source/assets/scripts/homepage.js","statementMap":{"0":{"start":{"line":4,"column":18},"end":{"line":4,"column":35}},"1":{"start":{"line":6,"column":0},"end":{"line":55,"column":3}},"2":{"start":{"line":7,"column":23},"end":{"line":7,"column":52}},"3":{"start":{"line":8,"column":17},"end":{"line":8,"column":30}},"4":{"start":{"line":9,"column":22},"end":{"line":9,"column":61}},"5":{"start":{"line":10,"column":21},"end":{"line":10,"column":66}},"6":{"start":{"line":11,"column":27},"end":{"line":11,"column":61}},"7":{"start":{"line":12,"column":23},"end":{"line":12,"column":65}},"8":{"start":{"line":14,"column":4},"end":{"line":16,"column":5}},"9":{"start":{"line":15,"column":8},"end":{"line":15,"column":47}},"10":{"start":{"line":18,"column":4},"end":{"line":30,"column":5}},"11":{"start":{"line":19,"column":8},"end":{"line":19,"column":41}},"12":{"start":{"line":20,"column":8},"end":{"line":23,"column":9}},"13":{"start":{"line":21,"column":12},"end":{"line":21,"column":52}},"14":{"start":{"line":22,"column":12},"end":{"line":22,"column":67}},"15":{"start":{"line":25,"column":8},"end":{"line":25,"column":44}},"16":{"start":{"line":26,"column":8},"end":{"line":29,"column":9}},"17":{"start":{"line":27,"column":12},"end":{"line":27,"column":51}},"18":{"start":{"line":28,"column":12},"end":{"line":28,"column":68}},"19":{"start":{"line":32,"column":24},"end":{"line":32,"column":63}},"20":{"start":{"line":34,"column":4},"end":{"line":42,"column":7}},"21":{"start":{"line":35,"column":8},"end":{"line":35,"column":44}},"22":{"start":{"line":36,"column":25},"end":{"line":36,"column":70}},"23":{"start":{"line":37,"column":23},"end":{"line":37,"column":60}},"24":{"start":{"line":38,"column":8},"end":{"line":38,"column":83}},"25":{"start":{"line":39,"column":8},"end":{"line":39,"column":109}},"26":{"start":{"line":41,"column":8},"end":{"line":41,"column":65}},"27":{"start":{"line":44,"column":4},"end":{"line":46,"column":7}},"28":{"start":{"line":45,"column":8},"end":{"line":45,"column":40}},"29":{"start":{"line":48,"column":4},"end":{"line":50,"column":6}},"30":{"start":{"line":49,"column":8},"end":{"line":49,"column":18}},"31":{"start":{"line":52,"column":4},"end":{"line":52,"column":22}},"32":{"start":{"line":53,"column":4},"end":{"line":53,"column":20}},"33":{"start":{"line":61,"column":4},"end":{"line":61,"column":45}},"34":{"start":{"line":70,"column":22},"end":{"line":70,"column":62}},"35":{"start":{"line":71,"column":23},"end":{"line":71,"column":52}},"36":{"start":{"line":73,"column":4},"end":{"line":142,"column":7}},"37":{"start":{"line":75,"column":24},"end":{"line":75,"column":53}},"38":{"start":{"line":76,"column":8},"end":{"line":76,"column":31}},"39":{"start":{"line":77,"column":26},"end":{"line":77,"column":55}},"40":{"start":{"line":78,"column":8},"end":{"line":78,"column":35}},"41":{"start":{"line":80,"column":25},"end":{"line":80,"column":54}},"42":{"start":{"line":81,"column":8},"end":{"line":81,"column":33}},"43":{"start":{"line":82,"column":8},"end":{"line":82,"column":57}},"44":{"start":{"line":83,"column":8},"end":{"line":88,"column":10}},"45":{"start":{"line":84,"column":12},"end":{"line":84,"column":31}},"46":{"start":{"line":85,"column":12},"end":{"line":85,"column":41}},"47":{"start":{"line":86,"column":12},"end":{"line":86,"column":94}},"48":{"start":{"line":87,"column":12},"end":{"line":87,"column":40}},"49":{"start":{"line":90,"column":8},"end":{"line":95,"column":10}},"50":{"start":{"line":91,"column":12},"end":{"line":91,"column":31}},"51":{"start":{"line":92,"column":12},"end":{"line":94,"column":13}},"52":{"start":{"line":93,"column":16},"end":{"line":93,"column":59}},"53":{"start":{"line":97,"column":8},"end":{"line":99,"column":10}},"54":{"start":{"line":98,"column":12},"end":{"line":98,"column":55}},"55":{"start":{"line":102,"column":26},"end":{"line":102,"column":57}},"56":{"start":{"line":103,"column":8},"end":{"line":103,"column":32}},"57":{"start":{"line":104,"column":8},"end":{"line":104,"column":43}},"58":{"start":{"line":105,"column":8},"end":{"line":108,"column":10}},"59":{"start":{"line":106,"column":12},"end":{"line":106,"column":35}},"60":{"start":{"line":107,"column":12},"end":{"line":107,"column":40}},"61":{"start":{"line":110,"column":26},"end":{"line":110,"column":58}},"62":{"start":{"line":111,"column":8},"end":{"line":111,"column":35}},"63":{"start":{"line":112,"column":8},"end":{"line":112,"column":39}},"64":{"start":{"line":114,"column":27},"end":{"line":114,"column":59}},"65":{"start":{"line":115,"column":8},"end":{"line":115,"column":37}},"66":{"start":{"line":116,"column":8},"end":{"line":116,"column":41}},"67":{"start":{"line":117,"column":8},"end":{"line":117,"column":35}},"68":{"start":{"line":119,"column":8},"end":{"line":123,"column":10}},"69":{"start":{"line":120,"column":12},"end":{"line":122,"column":13}},"70":{"start":{"line":121,"column":16},"end":{"line":121,"column":35}},"71":{"start":{"line":125,"column":8},"end":{"line":127,"column":11}},"72":{"start":{"line":126,"column":12},"end":{"line":126,"column":47}},"73":{"start":{"line":129,"column":8},"end":{"line":129,"column":40}},"74":{"start":{"line":130,"column":8},"end":{"line":130,"column":41}},"75":{"start":{"line":131,"column":8},"end":{"line":131,"column":41}},"76":{"start":{"line":132,"column":8},"end":{"line":132,"column":42}},"77":{"start":{"line":134,"column":8},"end":{"line":134,"column":39}},"78":{"start":{"line":135,"column":8},"end":{"line":135,"column":43}},"79":{"start":{"line":137,"column":8},"end":{"line":141,"column":11}},"80":{"start":{"line":138,"column":12},"end":{"line":140,"column":13}},"81":{"start":{"line":139,"column":16},"end":{"line":139,"column":51}},"82":{"start":{"line":153,"column":17},"end":{"line":153,"column":25}},"83":{"start":{"line":154,"column":4},"end":{"line":156,"column":5}},"84":{"start":{"line":155,"column":8},"end":{"line":155,"column":21}},"85":{"start":{"line":158,"column":19},"end":{"line":158,"column":35}},"86":{"start":{"line":160,"column":4},"end":{"line":185,"column":6}},"87":{"start":{"line":161,"column":8},"end":{"line":184,"column":9}},"88":{"start":{"line":162,"column":33},"end":{"line":162,"column":64}},"89":{"start":{"line":163,"column":34},"end":{"line":163,"column":92}},"90":{"start":{"line":165,"column":12},"end":{"line":179,"column":13}},"91":{"start":{"line":166,"column":38},"end":{"line":166,"column":85}},"92":{"start":{"line":167,"column":33},"end":{"line":167,"column":63}},"93":{"start":{"line":168,"column":16},"end":{"line":168,"column":55}},"94":{"start":{"line":170,"column":16},"end":{"line":170,"column":77}},"95":{"start":{"line":172,"column":16},"end":{"line":172,"column":67}},"96":{"start":{"line":174,"column":16},"end":{"line":174,"column":64}},"97":{"start":{"line":175,"column":16},"end":{"line":175,"column":28}},"98":{"start":{"line":177,"column":16},"end":{"line":177,"column":42}},"99":{"start":{"line":178,"column":16},"end":{"line":178,"column":29}},"100":{"start":{"line":181,"column":12},"end":{"line":181,"column":87}},"101":{"start":{"line":182,"column":12},"end":{"line":182,"column":56}},"102":{"start":{"line":183,"column":12},"end":{"line":183,"column":25}},"103":{"start":{"line":187,"column":4},"end":{"line":190,"column":6}},"104":{"start":{"line":188,"column":8},"end":{"line":188,"column":37}},"105":{"start":{"line":189,"column":8},"end":{"line":189,"column":21}},"106":{"start":{"line":192,"column":4},"end":{"line":192,"column":28}},"107":{"start":{"line":199,"column":24},"end":{"line":199,"column":67}},"108":{"start":{"line":200,"column":24},"end":{"line":200,"column":64}},"109":{"start":{"line":201,"column":19},"end":{"line":201,"column":24}},"110":{"start":{"line":203,"column":4},"end":{"line":205,"column":5}},"111":{"start":{"line":204,"column":8},"end":{"line":204,"column":36}},"112":{"start":{"line":207,"column":4},"end":{"line":298,"column":7}},"113":{"start":{"line":209,"column":24},"end":{"line":209,"column":53}},"114":{"start":{"line":210,"column":8},"end":{"line":210,"column":31}},"115":{"start":{"line":212,"column":22},"end":{"line":212,"column":51}},"116":{"start":{"line":213,"column":8},"end":{"line":213,"column":31}},"117":{"start":{"line":215,"column":21},"end":{"line":215,"column":50}},"118":{"start":{"line":216,"column":8},"end":{"line":216,"column":29}},"119":{"start":{"line":219,"column":25},"end":{"line":219,"column":57}},"120":{"start":{"line":221,"column":8},"end":{"line":221,"column":33}},"121":{"start":{"line":222,"column":8},"end":{"line":222,"column":48}},"122":{"start":{"line":225,"column":25},"end":{"line":225,"column":52}},"123":{"start":{"line":227,"column":24},"end":{"line":227,"column":56}},"124":{"start":{"line":229,"column":8},"end":{"line":229,"column":60}},"125":{"start":{"line":230,"column":8},"end":{"line":230,"column":31}},"126":{"start":{"line":231,"column":8},"end":{"line":231,"column":47}},"127":{"start":{"line":234,"column":26},"end":{"line":234,"column":58}},"128":{"start":{"line":236,"column":8},"end":{"line":236,"column":64}},"129":{"start":{"line":237,"column":8},"end":{"line":237,"column":35}},"130":{"start":{"line":238,"column":8},"end":{"line":238,"column":49}},"131":{"start":{"line":241,"column":28},"end":{"line":241,"column":60}},"132":{"start":{"line":243,"column":8},"end":{"line":243,"column":68}},"133":{"start":{"line":244,"column":8},"end":{"line":244,"column":39}},"134":{"start":{"line":245,"column":8},"end":{"line":245,"column":51}},"135":{"start":{"line":248,"column":22},"end":{"line":248,"column":51}},"136":{"start":{"line":249,"column":8},"end":{"line":249,"column":27}},"137":{"start":{"line":250,"column":8},"end":{"line":250,"column":34}},"138":{"start":{"line":252,"column":26},"end":{"line":252,"column":58}},"139":{"start":{"line":253,"column":8},"end":{"line":253,"column":36}},"140":{"start":{"line":254,"column":8},"end":{"line":254,"column":45}},"141":{"start":{"line":256,"column":25},"end":{"line":256,"column":57}},"142":{"start":{"line":257,"column":8},"end":{"line":257,"column":34}},"143":{"start":{"line":258,"column":8},"end":{"line":258,"column":43}},"144":{"start":{"line":262,"column":8},"end":{"line":264,"column":11}},"145":{"start":{"line":263,"column":12},"end":{"line":263,"column":47}},"146":{"start":{"line":266,"column":8},"end":{"line":275,"column":9}},"147":{"start":{"line":267,"column":12},"end":{"line":267,"column":47}},"148":{"start":{"line":268,"column":12},"end":{"line":270,"column":15}},"149":{"start":{"line":269,"column":16},"end":{"line":269,"column":63}},"150":{"start":{"line":271,"column":12},"end":{"line":273,"column":15}},"151":{"start":{"line":272,"column":16},"end":{"line":272,"column":43}},"152":{"start":{"line":274,"column":12},"end":{"line":274,"column":54}},"153":{"start":{"line":278,"column":8},"end":{"line":282,"column":11}},"154":{"start":{"line":279,"column":12},"end":{"line":281,"column":13}},"155":{"start":{"line":280,"column":16},"end":{"line":280,"column":51}},"156":{"start":{"line":286,"column":8},"end":{"line":286,"column":38}},"157":{"start":{"line":287,"column":8},"end":{"line":287,"column":34}},"158":{"start":{"line":288,"column":8},"end":{"line":288,"column":35}},"159":{"start":{"line":289,"column":8},"end":{"line":289,"column":35}},"160":{"start":{"line":290,"column":8},"end":{"line":290,"column":35}},"161":{"start":{"line":291,"column":8},"end":{"line":291,"column":38}},"162":{"start":{"line":292,"column":8},"end":{"line":292,"column":36}},"163":{"start":{"line":293,"column":8},"end":{"line":293,"column":36}},"164":{"start":{"line":294,"column":8},"end":{"line":294,"column":37}},"165":{"start":{"line":295,"column":8},"end":{"line":295,"column":36}},"166":{"start":{"line":296,"column":8},"end":{"line":296,"column":43}},"167":{"start":{"line":297,"column":8},"end":{"line":297,"column":54}},"168":{"start":{"line":309,"column":4},"end":{"line":338,"column":7}},"169":{"start":{"line":310,"column":30},"end":{"line":310,"column":59}},"170":{"start":{"line":311,"column":8},"end":{"line":311,"column":37}},"171":{"start":{"line":312,"column":35},"end":{"line":312,"column":79}},"172":{"start":{"line":313,"column":8},"end":{"line":313,"column":44}},"173":{"start":{"line":314,"column":24},"end":{"line":314,"column":51}},"174":{"start":{"line":316,"column":26},"end":{"line":316,"column":58}},"175":{"start":{"line":317,"column":27},"end":{"line":317,"column":59}},"176":{"start":{"line":318,"column":8},"end":{"line":318,"column":64}},"177":{"start":{"line":319,"column":8},"end":{"line":319,"column":39}},"178":{"start":{"line":320,"column":8},"end":{"line":320,"column":41}},"179":{"start":{"line":321,"column":8},"end":{"line":323,"column":10}},"180":{"start":{"line":322,"column":12},"end":{"line":322,"column":53}},"181":{"start":{"line":325,"column":8},"end":{"line":331,"column":11}},"182":{"start":{"line":326,"column":12},"end":{"line":326,"column":33}},"183":{"start":{"line":327,"column":12},"end":{"line":329,"column":13}},"184":{"start":{"line":328,"column":16},"end":{"line":328,"column":57}},"185":{"start":{"line":330,"column":12},"end":{"line":330,"column":37}},"186":{"start":{"line":333,"column":8},"end":{"line":333,"column":48}},"187":{"start":{"line":334,"column":8},"end":{"line":334,"column":50}},"188":{"start":{"line":335,"column":8},"end":{"line":335,"column":51}},"189":{"start":{"line":336,"column":8},"end":{"line":336,"column":54}},"190":{"start":{"line":337,"column":8},"end":{"line":337,"column":49}},"191":{"start":{"line":350,"column":18},"end":{"line":350,"column":50}},"192":{"start":{"line":351,"column":4},"end":{"line":361,"column":5}},"193":{"start":{"line":352,"column":26},"end":{"line":352,"column":51}},"194":{"start":{"line":353,"column":25},"end":{"line":353,"column":49}},"195":{"start":{"line":354,"column":8},"end":{"line":354,"column":61}},"196":{"start":{"line":355,"column":8},"end":{"line":355,"column":59}},"197":{"start":{"line":356,"column":8},"end":{"line":358,"column":11}},"198":{"start":{"line":357,"column":12},"end":{"line":357,"column":43}},"199":{"start":{"line":360,"column":8},"end":{"line":360,"column":144}},"200":{"start":{"line":362,"column":4},"end":{"line":362,"column":20}},"201":{"start":{"line":371,"column":22},"end":{"line":371,"column":59}},"202":{"start":{"line":372,"column":20},"end":{"line":372,"column":51}},"203":{"start":{"line":373,"column":27},"end":{"line":373,"column":68}},"204":{"start":{"line":374,"column":4},"end":{"line":380,"column":5}},"205":{"start":{"line":375,"column":8},"end":{"line":375,"column":68}},"206":{"start":{"line":376,"column":8},"end":{"line":376,"column":47}},"207":{"start":{"line":377,"column":8},"end":{"line":377,"column":51}},"208":{"start":{"line":378,"column":8},"end":{"line":378,"column":50}},"209":{"start":{"line":379,"column":8},"end":{"line":379,"column":48}},"210":{"start":{"line":382,"column":4},"end":{"line":382,"column":36}},"211":{"start":{"line":383,"column":17},"end":{"line":383,"column":52}},"212":{"start":{"line":384,"column":4},"end":{"line":384,"column":69}},"213":{"start":{"line":385,"column":4},"end":{"line":385,"column":68}},"214":{"start":{"line":386,"column":4},"end":{"line":386,"column":53}},"215":{"start":{"line":388,"column":18},"end":{"line":388,"column":47}},"216":{"start":{"line":389,"column":4},"end":{"line":392,"column":5}},"217":{"start":{"line":390,"column":8},"end":{"line":390,"column":71}},"218":{"start":{"line":391,"column":8},"end":{"line":391,"column":15}},"219":{"start":{"line":395,"column":4},"end":{"line":400,"column":5}},"220":{"start":{"line":396,"column":8},"end":{"line":396,"column":32}},"221":{"start":{"line":398,"column":8},"end":{"line":398,"column":65}},"222":{"start":{"line":399,"column":8},"end":{"line":399,"column":15}},"223":{"start":{"line":402,"column":16},"end":{"line":402,"column":21}},"224":{"start":{"line":403,"column":23},"end":{"line":403,"column":52}},"225":{"start":{"line":404,"column":4},"end":{"line":428,"column":5}},"226":{"start":{"line":405,"column":8},"end":{"line":427,"column":9}},"227":{"start":{"line":406,"column":25},"end":{"line":406,"column":54}},"228":{"start":{"line":407,"column":12},"end":{"line":407,"column":38}},"229":{"start":{"line":409,"column":12},"end":{"line":409,"column":101}},"230":{"start":{"line":410,"column":12},"end":{"line":410,"column":43}},"231":{"start":{"line":411,"column":12},"end":{"line":411,"column":42}},"232":{"start":{"line":412,"column":12},"end":{"line":418,"column":15}},"233":{"start":{"line":413,"column":16},"end":{"line":417,"column":17}},"234":{"start":{"line":414,"column":20},"end":{"line":414,"column":59}},"235":{"start":{"line":416,"column":20},"end":{"line":416,"column":59}},"236":{"start":{"line":419,"column":12},"end":{"line":421,"column":15}},"237":{"start":{"line":420,"column":16},"end":{"line":420,"column":48}},"238":{"start":{"line":422,"column":12},"end":{"line":424,"column":15}},"239":{"start":{"line":423,"column":16},"end":{"line":423,"column":58}},"240":{"start":{"line":425,"column":12},"end":{"line":425,"column":47}},"241":{"start":{"line":426,"column":12},"end":{"line":426,"column":25}},"242":{"start":{"line":430,"column":4},"end":{"line":432,"column":5}},"243":{"start":{"line":431,"column":8},"end":{"line":431,"column":57}}},"fnMap":{"0":{"name":"(anonymous_0)","decl":{"start":{"line":6,"column":46},"end":{"line":6,"column":47}},"loc":{"start":{"line":6,"column":52},"end":{"line":55,"column":1}},"line":6},"1":{"name":"(anonymous_1)","decl":{"start":{"line":34,"column":40},"end":{"line":34,"column":41}},"loc":{"start":{"line":34,"column":46},"end":{"line":42,"column":5}},"line":34},"2":{"name":"(anonymous_2)","decl":{"start":{"line":44,"column":42},"end":{"line":44,"column":43}},"loc":{"start":{"line":44,"column":49},"end":{"line":46,"column":5}},"line":44},"3":{"name":"(anonymous_3)","decl":{"start":{"line":48,"column":41},"end":{"line":48,"column":42}},"loc":{"start":{"line":48,"column":45},"end":{"line":50,"column":5}},"line":48},"4":{"name":"newCard","decl":{"start":{"line":60,"column":16},"end":{"line":60,"column":23}},"loc":{"start":{"line":60,"column":26},"end":{"line":62,"column":1}},"line":60},"5":{"name":"uploadFeature","decl":{"start":{"line":69,"column":16},"end":{"line":69,"column":29}},"loc":{"start":{"line":69,"column":32},"end":{"line":144,"column":1}},"line":69},"6":{"name":"(anonymous_6)","decl":{"start":{"line":73,"column":40},"end":{"line":73,"column":41}},"loc":{"start":{"line":73,"column":46},"end":{"line":142,"column":5}},"line":73},"7":{"name":"(anonymous_7)","decl":{"start":{"line":83,"column":26},"end":{"line":83,"column":27}},"loc":{"start":{"line":83,"column":33},"end":{"line":88,"column":9}},"line":83},"8":{"name":"(anonymous_8)","decl":{"start":{"line":90,"column":30},"end":{"line":90,"column":31}},"loc":{"start":{"line":90,"column":37},"end":{"line":95,"column":9}},"line":90},"9":{"name":"(anonymous_9)","decl":{"start":{"line":97,"column":31},"end":{"line":97,"column":32}},"loc":{"start":{"line":97,"column":37},"end":{"line":99,"column":9}},"line":97},"10":{"name":"(anonymous_10)","decl":{"start":{"line":105,"column":29},"end":{"line":105,"column":30}},"loc":{"start":{"line":105,"column":36},"end":{"line":108,"column":9}},"line":105},"11":{"name":"(anonymous_11)","decl":{"start":{"line":119,"column":45},"end":{"line":119,"column":46}},"loc":{"start":{"line":119,"column":51},"end":{"line":123,"column":9}},"line":119},"12":{"name":"(anonymous_12)","decl":{"start":{"line":125,"column":44},"end":{"line":125,"column":45}},"loc":{"start":{"line":125,"column":51},"end":{"line":127,"column":9}},"line":125},"13":{"name":"(anonymous_13)","decl":{"start":{"line":137,"column":42},"end":{"line":137,"column":43}},"loc":{"start":{"line":137,"column":49},"end":{"line":141,"column":9}},"line":137},"14":{"name":"handleFiles","decl":{"start":{"line":152,"column":16},"end":{"line":152,"column":27}},"loc":{"start":{"line":152,"column":35},"end":{"line":193,"column":1}},"line":152},"15":{"name":"(anonymous_15)","decl":{"start":{"line":160,"column":20},"end":{"line":160,"column":21}},"loc":{"start":{"line":160,"column":31},"end":{"line":185,"column":5}},"line":160},"16":{"name":"(anonymous_16)","decl":{"start":{"line":187,"column":21},"end":{"line":187,"column":22}},"loc":{"start":{"line":187,"column":27},"end":{"line":190,"column":5}},"line":187},"17":{"name":"yourCardFeature","decl":{"start":{"line":198,"column":16},"end":{"line":198,"column":31}},"loc":{"start":{"line":198,"column":34},"end":{"line":299,"column":1}},"line":198},"18":{"name":"(anonymous_18)","decl":{"start":{"line":207,"column":42},"end":{"line":207,"column":43}},"loc":{"start":{"line":207,"column":48},"end":{"line":298,"column":5}},"line":207},"19":{"name":"(anonymous_19)","decl":{"start":{"line":262,"column":43},"end":{"line":262,"column":44}},"loc":{"start":{"line":262,"column":49},"end":{"line":264,"column":9}},"line":262},"20":{"name":"(anonymous_20)","decl":{"start":{"line":268,"column":46},"end":{"line":268,"column":47}},"loc":{"start":{"line":268,"column":51},"end":{"line":270,"column":13}},"line":268},"21":{"name":"(anonymous_21)","decl":{"start":{"line":271,"column":50},"end":{"line":271,"column":51}},"loc":{"start":{"line":271,"column":55},"end":{"line":273,"column":13}},"line":271},"22":{"name":"(anonymous_22)","decl":{"start":{"line":278,"column":42},"end":{"line":278,"column":43}},"loc":{"start":{"line":278,"column":49},"end":{"line":282,"column":9}},"line":278},"23":{"name":"deleteDialog","decl":{"start":{"line":308,"column":16},"end":{"line":308,"column":28}},"loc":{"start":{"line":308,"column":56},"end":{"line":339,"column":1}},"line":308},"24":{"name":"(anonymous_24)","decl":{"start":{"line":309,"column":40},"end":{"line":309,"column":41}},"loc":{"start":{"line":309,"column":46},"end":{"line":338,"column":5}},"line":309},"25":{"name":"(anonymous_25)","decl":{"start":{"line":321,"column":44},"end":{"line":321,"column":45}},"loc":{"start":{"line":321,"column":49},"end":{"line":323,"column":9}},"line":321},"26":{"name":"(anonymous_26)","decl":{"start":{"line":325,"column":45},"end":{"line":325,"column":46}},"loc":{"start":{"line":325,"column":49},"end":{"line":331,"column":9}},"line":325},"27":{"name":"renderYourCard","decl":{"start":{"line":349,"column":16},"end":{"line":349,"column":30}},"loc":{"start":{"line":349,"column":62},"end":{"line":363,"column":1}},"line":349},"28":{"name":"(anonymous_28)","decl":{"start":{"line":356,"column":40},"end":{"line":356,"column":41}},"loc":{"start":{"line":356,"column":46},"end":{"line":358,"column":9}},"line":356},"29":{"name":"searchLocalStorage","decl":{"start":{"line":370,"column":16},"end":{"line":370,"column":34}},"loc":{"start":{"line":370,"column":48},"end":{"line":433,"column":1}},"line":370},"30":{"name":"(anonymous_30)","decl":{"start":{"line":412,"column":47},"end":{"line":412,"column":48}},"loc":{"start":{"line":412,"column":53},"end":{"line":418,"column":13}},"line":412},"31":{"name":"(anonymous_31)","decl":{"start":{"line":419,"column":46},"end":{"line":419,"column":47}},"loc":{"start":{"line":419,"column":52},"end":{"line":421,"column":13}},"line":419},"32":{"name":"(anonymous_32)","decl":{"start":{"line":422,"column":43},"end":{"line":422,"column":44}},"loc":{"start":{"line":422,"column":49},"end":{"line":424,"column":13}},"line":422}},"branchMap":{"0":{"loc":{"start":{"line":14,"column":4},"end":{"line":16,"column":5}},"type":"if","locations":[{"start":{"line":14,"column":4},"end":{"line":16,"column":5}},{"start":{},"end":{}}],"line":14},"1":{"loc":{"start":{"line":18,"column":4},"end":{"line":30,"column":5}},"type":"if","locations":[{"start":{"line":18,"column":4},"end":{"line":30,"column":5}},{"start":{"line":24,"column":11},"end":{"line":30,"column":5}}],"line":18},"2":{"loc":{"start":{"line":20,"column":8},"end":{"line":23,"column":9}},"type":"if","locations":[{"start":{"line":20,"column":8},"end":{"line":23,"column":9}},{"start":{},"end":{}}],"line":20},"3":{"loc":{"start":{"line":26,"column":8},"end":{"line":29,"column":9}},"type":"if","locations":[{"start":{"line":26,"column":8},"end":{"line":29,"column":9}},{"start":{},"end":{}}],"line":26},"4":{"loc":{"start":{"line":38,"column":23},"end":{"line":38,"column":82}},"type":"cond-expr","locations":[{"start":{"line":38,"column":32},"end":{"line":38,"column":56}},{"start":{"line":38,"column":59},"end":{"line":38,"column":82}}],"line":38},"5":{"loc":{"start":{"line":39,"column":29},"end":{"line":39,"column":108}},"type":"cond-expr","locations":[{"start":{"line":39,"column":38},"end":{"line":39,"column":71}},{"start":{"line":39,"column":74},"end":{"line":39,"column":108}}],"line":39},"6":{"loc":{"start":{"line":41,"column":38},"end":{"line":41,"column":63}},"type":"cond-expr","locations":[{"start":{"line":41,"column":47},"end":{"line":41,"column":53}},{"start":{"line":41,"column":56},"end":{"line":41,"column":63}}],"line":41},"7":{"loc":{"start":{"line":92,"column":12},"end":{"line":94,"column":13}},"type":"if","locations":[{"start":{"line":92,"column":12},"end":{"line":94,"column":13}},{"start":{},"end":{}}],"line":92},"8":{"loc":{"start":{"line":120,"column":12},"end":{"line":122,"column":13}},"type":"if","locations":[{"start":{"line":120,"column":12},"end":{"line":122,"column":13}},{"start":{},"end":{}}],"line":120},"9":{"loc":{"start":{"line":138,"column":12},"end":{"line":140,"column":13}},"type":"if","locations":[{"start":{"line":138,"column":12},"end":{"line":140,"column":13}},{"start":{},"end":{}}],"line":138},"10":{"loc":{"start":{"line":154,"column":4},"end":{"line":156,"column":5}},"type":"if","locations":[{"start":{"line":154,"column":4},"end":{"line":156,"column":5}},{"start":{},"end":{}}],"line":154},"11":{"loc":{"start":{"line":165,"column":12},"end":{"line":179,"column":13}},"type":"if","locations":[{"start":{"line":165,"column":12},"end":{"line":179,"column":13}},{"start":{"line":176,"column":19},"end":{"line":179,"column":13}}],"line":165},"12":{"loc":{"start":{"line":166,"column":38},"end":{"line":166,"column":85}},"type":"binary-expr","locations":[{"start":{"line":166,"column":38},"end":{"line":166,"column":79}},{"start":{"line":166,"column":83},"end":{"line":166,"column":85}}],"line":166},"13":{"loc":{"start":{"line":203,"column":4},"end":{"line":205,"column":5}},"type":"if","locations":[{"start":{"line":203,"column":4},"end":{"line":205,"column":5}},{"start":{},"end":{}}],"line":203},"14":{"loc":{"start":{"line":266,"column":8},"end":{"line":275,"column":9}},"type":"if","locations":[{"start":{"line":266,"column":8},"end":{"line":275,"column":9}},{"start":{},"end":{}}],"line":266},"15":{"loc":{"start":{"line":279,"column":12},"end":{"line":281,"column":13}},"type":"if","locations":[{"start":{"line":279,"column":12},"end":{"line":281,"column":13}},{"start":{},"end":{}}],"line":279},"16":{"loc":{"start":{"line":327,"column":12},"end":{"line":329,"column":13}},"type":"if","locations":[{"start":{"line":327,"column":12},"end":{"line":329,"column":13}},{"start":{},"end":{}}],"line":327},"17":{"loc":{"start":{"line":351,"column":4},"end":{"line":361,"column":5}},"type":"if","locations":[{"start":{"line":351,"column":4},"end":{"line":361,"column":5}},{"start":{"line":359,"column":11},"end":{"line":361,"column":5}}],"line":351},"18":{"loc":{"start":{"line":374,"column":4},"end":{"line":380,"column":5}},"type":"if","locations":[{"start":{"line":374,"column":4},"end":{"line":380,"column":5}},{"start":{},"end":{}}],"line":374},"19":{"loc":{"start":{"line":389,"column":4},"end":{"line":392,"column":5}},"type":"if","locations":[{"start":{"line":389,"column":4},"end":{"line":392,"column":5}},{"start":{},"end":{}}],"line":389},"20":{"loc":{"start":{"line":405,"column":8},"end":{"line":427,"column":9}},"type":"if","locations":[{"start":{"line":405,"column":8},"end":{"line":427,"column":9}},{"start":{},"end":{}}],"line":405},"21":{"loc":{"start":{"line":405,"column":12},"end":{"line":405,"column":65}},"type":"binary-expr","locations":[{"start":{"line":405,"column":12},"end":{"line":405,"column":47}},{"start":{"line":405,"column":51},"end":{"line":405,"column":65}}],"line":405},"22":{"loc":{"start":{"line":413,"column":16},"end":{"line":417,"column":17}},"type":"if","locations":[{"start":{"line":413,"column":16},"end":{"line":417,"column":17}},{"start":{"line":415,"column":23},"end":{"line":417,"column":17}}],"line":413},"23":{"loc":{"start":{"line":430,"column":4},"end":{"line":432,"column":5}},"type":"if","locations":[{"start":{"line":430,"column":4},"end":{"line":432,"column":5}},{"start":{},"end":{}}],"line":430},"24":{"loc":{"start":{"line":430,"column":8},"end":{"line":430,"column":32}},"type":"binary-expr","locations":[{"start":{"line":430,"column":8},"end":{"line":430,"column":14}},{"start":{"line":430,"column":18},"end":{"line":430,"column":32}}],"line":430}},"s":{"0":1,"1":1,"2":1,"3":1,"4":1,"5":1,"6":1,"7":1,"8":1,"9":0,"10":1,"11":1,"12":1,"13":1,"14":1,"15":0,"16":0,"17":0,"18":0,"19":1,"20":1,"21":0,"22":0,"23":0,"24":0,"25":0,"26":0,"27":1,"28":0,"29":1,"30":0,"31":1,"32":1,"33":0,"34":5,"35":5,"36":5,"37":4,"38":4,"39":4,"40":4,"41":4,"42":4,"43":4,"44":4,"45":0,"46":0,"47":0,"48":0,"49":4,"50":0,"51":0,"52":0,"53":4,"54":0,"55":4,"56":4,"57":4,"58":4,"59":1,"60":1,"61":4,"62":4,"63":4,"64":4,"65":4,"66":4,"67":4,"68":4,"69":0,"70":0,"71":4,"72":1,"73":4,"74":4,"75":4,"76":4,"77":4,"78":4,"79":4,"80":2,"81":1,"82":1,"83":1,"84":0,"85":1,"86":1,"87":1,"88":1,"89":1,"90":1,"91":1,"92":1,"93":1,"94":1,"95":1,"96":1,"97":1,"98":0,"99":0,"100":0,"101":0,"102":0,"103":1,"104":0,"105":0,"106":1,"107":2,"108":2,"109":2,"110":2,"111":1,"112":2,"113":1,"114":1,"115":1,"116":1,"117":1,"118":1,"119":1,"120":1,"121":1,"122":1,"123":1,"124":1,"125":1,"126":1,"127":1,"128":1,"129":1,"130":1,"131":1,"132":1,"133":1,"134":1,"135":1,"136":1,"137":1,"138":1,"139":1,"140":1,"141":1,"142":1,"143":1,"144":1,"145":0,"146":1,"147":1,"148":1,"149":0,"150":1,"151":0,"152":1,"153":1,"154":0,"155":0,"156":1,"157":1,"158":1,"159":1,"160":1,"161":1,"162":1,"163":1,"164":1,"165":1,"166":1,"167":1,"168":1,"169":0,"170":0,"171":0,"172":0,"173":0,"174":0,"175":0,"176":0,"177":0,"178":0,"179":0,"180":0,"181":0,"182":0,"183":0,"184":0,"185":0,"186":0,"187":0,"188":0,"189":0,"190":0,"191":1,"192":1,"193":1,"194":1,"195":1,"196":1,"197":1,"198":0,"199":0,"200":1,"201":4,"202":4,"203":4,"204":4,"205":4,"206":4,"207":4,"208":4,"209":4,"210":4,"211":4,"212":4,"213":4,"214":4,"215":4,"216":4,"217":1,"218":1,"219":3,"220":3,"221":1,"222":1,"223":2,"224":2,"225":2,"226":4,"227":1,"228":1,"229":1,"230":1,"231":1,"232":1,"233":0,"234":0,"235":0,"236":1,"237":0,"238":1,"239":0,"240":1,"241":1,"242":2,"243":1},"f":{"0":1,"1":0,"2":0,"3":0,"4":0,"5":5,"6":4,"7":0,"8":0,"9":0,"10":1,"11":0,"12":1,"13":2,"14":1,"15":1,"16":0,"17":2,"18":1,"19":0,"20":0,"21":0,"22":0,"23":1,"24":0,"25":0,"26":0,"27":1,"28":0,"29":4,"30":0,"31":0,"32":0},"b":{"0":[0,1],"1":[1,0],"2":[1,0],"3":[0,0],"4":[0,0],"5":[0,0],"6":[0,0],"7":[0,0],"8":[0,0],"9":[1,1],"10":[0,1],"11":[1,0],"12":[1,1],"13":[1,1],"14":[1,0],"15":[0,0],"16":[0,0],"17":[1,0],"18":[4,0],"19":[1,3],"20":[1,3],"21":[4,1],"22":[0,0],"23":[1,1],"24":[2,1]},"_coverageSchema":"1a1c01bbd47fc00a2c39e90264f33305004495a9","hash":"f39745c289f9f892b963ad4de8ffa8ce4986b9fe"}
}
