{"/Users/brandonkhor/Desktop/code/cse110-sp25-group29/source/assets/scripts/homepage.js": {"path":"/Users/brandonkhor/Desktop/code/cse110-sp25-group29/source/assets/scripts/homepage.js","statementMap":{"0":{"start":{"line":1,"column":0},"end":{"line":13,"column":3}},"1":{"start":{"line":2,"column":20},"end":{"line":2,"column":59}},"2":{"start":{"line":3,"column":15},"end":{"line":3,"column":28}},"3":{"start":{"line":5,"column":2},"end":{"line":8,"column":7}},"4":{"start":{"line":6,"column":4},"end":{"line":6,"column":40}},"5":{"start":{"line":7,"column":6},"end":{"line":7,"column":82}},"6":{"start":{"line":10,"column":4},"end":{"line":10,"column":22}},"7":{"start":{"line":11,"column":4},"end":{"line":11,"column":20}},"8":{"start":{"line":16,"column":22},"end":{"line":16,"column":62}},"9":{"start":{"line":18,"column":4},"end":{"line":72,"column":7}},"10":{"start":{"line":19,"column":24},"end":{"line":19,"column":53}},"11":{"start":{"line":20,"column":8},"end":{"line":20,"column":31}},"12":{"start":{"line":21,"column":26},"end":{"line":21,"column":55}},"13":{"start":{"line":22,"column":21},"end":{"line":22,"column":54}},"14":{"start":{"line":23,"column":8},"end":{"line":23,"column":48}},"15":{"start":{"line":24,"column":8},"end":{"line":24,"column":76}},"16":{"start":{"line":25,"column":8},"end":{"line":25,"column":35}},"17":{"start":{"line":28,"column":25},"end":{"line":28,"column":54}},"18":{"start":{"line":29,"column":8},"end":{"line":29,"column":33}},"19":{"start":{"line":30,"column":8},"end":{"line":30,"column":57}},"20":{"start":{"line":31,"column":8},"end":{"line":38,"column":10}},"21":{"start":{"line":32,"column":12},"end":{"line":32,"column":36}},"22":{"start":{"line":33,"column":16},"end":{"line":33,"column":35}},"23":{"start":{"line":34,"column":30},"end":{"line":34,"column":50}},"24":{"start":{"line":35,"column":16},"end":{"line":35,"column":35}},"25":{"start":{"line":36,"column":16},"end":{"line":36,"column":79}},"26":{"start":{"line":40,"column":8},"end":{"line":43,"column":10}},"27":{"start":{"line":41,"column":12},"end":{"line":41,"column":31}},"28":{"start":{"line":42,"column":12},"end":{"line":42,"column":55}},"29":{"start":{"line":45,"column":8},"end":{"line":47,"column":10}},"30":{"start":{"line":46,"column":12},"end":{"line":46,"column":55}},"31":{"start":{"line":50,"column":26},"end":{"line":50,"column":57}},"32":{"start":{"line":51,"column":8},"end":{"line":51,"column":32}},"33":{"start":{"line":52,"column":8},"end":{"line":52,"column":43}},"34":{"start":{"line":53,"column":8},"end":{"line":56,"column":10}},"35":{"start":{"line":54,"column":26},"end":{"line":54,"column":40}},"36":{"start":{"line":55,"column":12},"end":{"line":55,"column":31}},"37":{"start":{"line":58,"column":8},"end":{"line":58,"column":40}},"38":{"start":{"line":59,"column":8},"end":{"line":59,"column":41}},"39":{"start":{"line":60,"column":8},"end":{"line":60,"column":39}},"40":{"start":{"line":62,"column":8},"end":{"line":62,"column":43}},"41":{"start":{"line":67,"column":8},"end":{"line":71,"column":11}},"42":{"start":{"line":68,"column":12},"end":{"line":70,"column":13}},"43":{"start":{"line":69,"column":16},"end":{"line":69,"column":51}},"44":{"start":{"line":77,"column":4},"end":{"line":77,"column":44}},"45":{"start":{"line":81,"column":24},"end":{"line":81,"column":67}},"46":{"start":{"line":83,"column":4},"end":{"line":139,"column":7}},"47":{"start":{"line":85,"column":24},"end":{"line":85,"column":53}},"48":{"start":{"line":86,"column":8},"end":{"line":86,"column":31}},"49":{"start":{"line":88,"column":22},"end":{"line":88,"column":51}},"50":{"start":{"line":89,"column":8},"end":{"line":89,"column":31}},"51":{"start":{"line":91,"column":21},"end":{"line":91,"column":50}},"52":{"start":{"line":92,"column":8},"end":{"line":92,"column":29}},"53":{"start":{"line":95,"column":25},"end":{"line":95,"column":57}},"54":{"start":{"line":96,"column":8},"end":{"line":96,"column":37}},"55":{"start":{"line":97,"column":8},"end":{"line":97,"column":33}},"56":{"start":{"line":100,"column":24},"end":{"line":100,"column":56}},"57":{"start":{"line":101,"column":8},"end":{"line":101,"column":35}},"58":{"start":{"line":104,"column":26},"end":{"line":104,"column":58}},"59":{"start":{"line":105,"column":8},"end":{"line":105,"column":39}},"60":{"start":{"line":108,"column":28},"end":{"line":108,"column":60}},"61":{"start":{"line":109,"column":8},"end":{"line":109,"column":43}},"62":{"start":{"line":112,"column":22},"end":{"line":112,"column":51}},"63":{"start":{"line":113,"column":8},"end":{"line":113,"column":27}},"64":{"start":{"line":118,"column":8},"end":{"line":120,"column":11}},"65":{"start":{"line":119,"column":12},"end":{"line":119,"column":47}},"66":{"start":{"line":123,"column":8},"end":{"line":127,"column":11}},"67":{"start":{"line":124,"column":12},"end":{"line":126,"column":13}},"68":{"start":{"line":125,"column":16},"end":{"line":125,"column":51}},"69":{"start":{"line":130,"column":8},"end":{"line":130,"column":84}},"70":{"start":{"line":131,"column":8},"end":{"line":131,"column":34}},"71":{"start":{"line":132,"column":8},"end":{"line":132,"column":35}},"72":{"start":{"line":133,"column":8},"end":{"line":133,"column":35}},"73":{"start":{"line":134,"column":8},"end":{"line":134,"column":38}},"74":{"start":{"line":135,"column":8},"end":{"line":135,"column":36}},"75":{"start":{"line":136,"column":8},"end":{"line":136,"column":34}},"76":{"start":{"line":137,"column":8},"end":{"line":137,"column":36}},"77":{"start":{"line":138,"column":8},"end":{"line":138,"column":43}}},"fnMap":{"0":{"name":"(anonymous_0)","decl":{"start":{"line":1,"column":46},"end":{"line":1,"column":47}},"loc":{"start":{"line":1,"column":52},"end":{"line":13,"column":1}},"line":1},"1":{"name":"(anonymous_1)","decl":{"start":{"line":5,"column":38},"end":{"line":5,"column":39}},"loc":{"start":{"line":5,"column":44},"end":{"line":8,"column":5}},"line":5},"2":{"name":"uploadFeature","decl":{"start":{"line":15,"column":16},"end":{"line":15,"column":29}},"loc":{"start":{"line":15,"column":32},"end":{"line":74,"column":1}},"line":15},"3":{"name":"(anonymous_3)","decl":{"start":{"line":18,"column":40},"end":{"line":18,"column":41}},"loc":{"start":{"line":18,"column":46},"end":{"line":72,"column":5}},"line":18},"4":{"name":"(anonymous_4)","decl":{"start":{"line":31,"column":26},"end":{"line":31,"column":27}},"loc":{"start":{"line":31,"column":33},"end":{"line":38,"column":9}},"line":31},"5":{"name":"(anonymous_5)","decl":{"start":{"line":40,"column":30},"end":{"line":40,"column":31}},"loc":{"start":{"line":40,"column":37},"end":{"line":43,"column":9}},"line":40},"6":{"name":"(anonymous_6)","decl":{"start":{"line":45,"column":31},"end":{"line":45,"column":32}},"loc":{"start":{"line":45,"column":37},"end":{"line":47,"column":9}},"line":45},"7":{"name":"(anonymous_7)","decl":{"start":{"line":53,"column":29},"end":{"line":53,"column":30}},"loc":{"start":{"line":53,"column":36},"end":{"line":56,"column":9}},"line":53},"8":{"name":"(anonymous_8)","decl":{"start":{"line":67,"column":42},"end":{"line":67,"column":43}},"loc":{"start":{"line":67,"column":49},"end":{"line":71,"column":9}},"line":67},"9":{"name":"handleFiles","decl":{"start":{"line":76,"column":16},"end":{"line":76,"column":27}},"loc":{"start":{"line":76,"column":35},"end":{"line":78,"column":1}},"line":76},"10":{"name":"yourCardFeature","decl":{"start":{"line":80,"column":16},"end":{"line":80,"column":31}},"loc":{"start":{"line":80,"column":34},"end":{"line":141,"column":1}},"line":80},"11":{"name":"(anonymous_11)","decl":{"start":{"line":83,"column":42},"end":{"line":83,"column":43}},"loc":{"start":{"line":83,"column":48},"end":{"line":139,"column":5}},"line":83},"12":{"name":"(anonymous_12)","decl":{"start":{"line":118,"column":43},"end":{"line":118,"column":44}},"loc":{"start":{"line":118,"column":49},"end":{"line":120,"column":9}},"line":118},"13":{"name":"(anonymous_13)","decl":{"start":{"line":123,"column":42},"end":{"line":123,"column":43}},"loc":{"start":{"line":123,"column":49},"end":{"line":127,"column":9}},"line":123}},"branchMap":{"0":{"loc":{"start":{"line":7,"column":30},"end":{"line":7,"column":81}},"type":"cond-expr","locations":[{"start":{"line":7,"column":70},"end":{"line":7,"column":74}},{"start":{"line":7,"column":77},"end":{"line":7,"column":81}}],"line":7},"1":{"loc":{"start":{"line":68,"column":12},"end":{"line":70,"column":13}},"type":"if","locations":[{"start":{"line":68,"column":12},"end":{"line":70,"column":13}},{"start":{},"end":{}}],"line":68},"2":{"loc":{"start":{"line":124,"column":12},"end":{"line":126,"column":13}},"type":"if","locations":[{"start":{"line":124,"column":12},"end":{"line":126,"column":13}},{"start":{},"end":{}}],"line":124}},"s":{"0":1,"1":0,"2":0,"3":0,"4":0,"5":0,"6":0,"7":0,"8":1,"9":1,"10":1,"11":1,"12":1,"13":1,"14":1,"15":1,"16":1,"17":1,"18":1,"19":1,"20":1,"21":0,"22":0,"23":0,"24":0,"25":0,"26":1,"27":0,"28":0,"29":1,"30":0,"31":1,"32":1,"33":1,"34":1,"35":0,"36":0,"37":1,"38":1,"39":1,"40":1,"41":1,"42":0,"43":0,"44":1,"45":0,"46":0,"47":0,"48":0,"49":0,"50":0,"51":0,"52":0,"53":0,"54":0,"55":0,"56":0,"57":0,"58":0,"59":0,"60":0,"61":0,"62":0,"63":0,"64":0,"65":0,"66":0,"67":0,"68":0,"69":0,"70":0,"71":0,"72":0,"73":0,"74":0,"75":0,"76":0,"77":0},"f":{"0":0,"1":0,"2":1,"3":1,"4":0,"5":0,"6":0,"7":0,"8":0,"9":1,"10":0,"11":0,"12":0,"13":0},"b":{"0":[0,0],"1":[0,0],"2":[0,0]},"_coverageSchema":"1a1c01bbd47fc00a2c39e90264f33305004495a9","hash":"b4037e27f98ede20dc5e79cf9796eec6981a47a1"}
}
