TN:
SF:source/assets/scripts/attribute-menu.js
FN:18,(anonymous_0)
FN:31,(anonymous_1)
FN:59,(anonymous_2)
FNF:3
FNH:0
FNDA:0,(anonymous_0)
FNDA:0,(anonymous_1)
FNDA:0,(anonymous_2)
DA:19,0
DA:20,0
DA:21,0
DA:22,0
DA:32,0
DA:34,0
DA:35,0
DA:36,0
DA:39,0
DA:40,0
DA:41,0
DA:42,0
DA:43,0
DA:44,0
DA:45,0
DA:46,0
DA:47,0
DA:48,0
DA:49,0
DA:50,0
DA:51,0
DA:60,0
DA:62,0
LF:23
LH:0
BRDA:32,0,0,0
BRDA:32,0,1,0
BRDA:34,1,0,0
BRDA:34,1,1,0
BRDA:40,2,0,0
BRDA:40,2,1,0
BRDA:44,3,0,0
BRDA:44,3,1,0
BRDA:48,4,0,0
BRDA:48,4,1,0
BRDA:60,5,0,0
BRDA:60,5,1,0
BRF:12
BRH:0
end_of_record
TN:
SF:source/assets/scripts/canvas.js
FN:26,(anonymous_0)
FN:53,(anonymous_1)
FN:82,(anonymous_2)
FN:91,(anonymous_3)
FN:101,(anonymous_4)
FN:132,(anonymous_5)
FN:166,(anonymous_6)
FN:218,(anonymous_7)
FN:262,(anonymous_8)
FN:309,(anonymous_9)
FN:321,(anonymous_10)
FN:347,(anonymous_11)
FN:363,(anonymous_12)
FN:382,(anonymous_13)
FN:422,(anonymous_14)
FN:455,(anonymous_15)
FN:479,(anonymous_16)
FN:509,(anonymous_17)
FN:522,(anonymous_18)
FN:533,(anonymous_19)
FNF:20
FNH:0
FNDA:0,(anonymous_0)
FNDA:0,(anonymous_1)
FNDA:0,(anonymous_2)
FNDA:0,(anonymous_3)
FNDA:0,(anonymous_4)
FNDA:0,(anonymous_5)
FNDA:0,(anonymous_6)
FNDA:0,(anonymous_7)
FNDA:0,(anonymous_8)
FNDA:0,(anonymous_9)
FNDA:0,(anonymous_10)
FNDA:0,(anonymous_11)
FNDA:0,(anonymous_12)
FNDA:0,(anonymous_13)
FNDA:0,(anonymous_14)
FNDA:0,(anonymous_15)
FNDA:0,(anonymous_16)
FNDA:0,(anonymous_17)
FNDA:0,(anonymous_18)
FNDA:0,(anonymous_19)
DA:27,0
DA:28,0
DA:29,0
DA:31,0
DA:32,0
DA:34,0
DA:35,0
DA:36,0
DA:38,0
DA:39,0
DA:40,0
DA:42,0
DA:44,0
DA:54,0
DA:56,0
DA:57,0
DA:58,0
DA:59,0
DA:61,0
DA:63,0
DA:64,0
DA:66,0
DA:67,0
DA:68,0
DA:70,0
DA:73,0
DA:74,0
DA:83,0
DA:92,0
DA:102,0
DA:107,0
DA:108,0
DA:109,0
DA:111,0
DA:112,0
DA:113,0
DA:114,0
DA:115,0
DA:117,0
DA:123,0
DA:124,0
DA:133,0
DA:134,0
DA:135,0
DA:137,0
DA:138,0
DA:140,0
DA:141,0
DA:142,0
DA:143,0
DA:146,0
DA:147,0
DA:148,0
DA:149,0
DA:150,0
DA:151,0
DA:154,0
DA:155,0
DA:158,0
DA:167,0
DA:168,0
DA:170,0
DA:171,0
DA:173,0
DA:174,0
DA:175,0
DA:176,0
DA:179,0
DA:182,0
DA:183,0
DA:184,0
DA:185,0
DA:188,0
DA:189,0
DA:190,0
DA:191,0
DA:194,0
DA:198,0
DA:199,0
DA:200,0
DA:219,0
DA:221,0
DA:222,0
DA:223,0
DA:224,0
DA:228,0
DA:231,0
DA:232,0
DA:233,0
DA:236,0
DA:237,0
DA:240,0
DA:241,0
DA:243,0
DA:244,0
DA:246,0
DA:247,0
DA:263,0
DA:265,0
DA:266,0
DA:269,0
DA:271,0
DA:272,0
DA:274,0
DA:275,0
DA:277,0
DA:278,0
DA:280,0
DA:281,0
DA:283,0
DA:284,0
DA:287,0
DA:288,0
DA:289,0
DA:290,0
DA:291,0
DA:293,0
DA:294,0
DA:295,0
DA:299,0
DA:300,0
DA:310,0
DA:312,0
DA:313,0
DA:322,0
DA:323,0
DA:325,0
DA:328,0
DA:329,0
DA:331,0
DA:333,0
DA:334,0
DA:335,0
DA:348,0
DA:350,0
DA:351,0
DA:364,0
DA:366,0
DA:367,0
DA:383,0
DA:385,0
DA:386,0
DA:387,0
DA:388,0
DA:392,0
DA:393,0
DA:394,0
DA:395,0
DA:399,0
DA:400,0
DA:401,0
DA:402,0
DA:403,0
DA:404,0
DA:407,0
DA:423,0
DA:425,0
DA:426,0
DA:427,0
DA:428,0
DA:432,0
DA:433,0
DA:434,0
DA:435,0
DA:439,0
DA:440,0
DA:441,0
DA:442,0
DA:443,0
DA:444,0
DA:447,0
DA:456,0
DA:459,0
DA:460,0
DA:461,0
DA:462,0
DA:466,0
DA:467,0
DA:469,0
DA:470,0
DA:480,0
DA:481,0
DA:482,0
DA:485,0
DA:487,0
DA:488,0
DA:489,0
DA:490,0
DA:491,0
DA:492,0
DA:493,0
DA:494,0
DA:495,0
DA:496,0
DA:499,0
DA:510,0
DA:511,0
DA:512,0
DA:523,0
DA:524,0
DA:526,0
DA:527,0
DA:530,0
DA:534,0
DA:535,0
DA:536,0
LF:206
LH:0
BRDA:56,0,0,0
BRDA:56,0,1,0
BRDA:73,1,0,0
BRDA:73,1,1,0
BRDA:111,2,0,0
BRDA:111,2,1,0
BRDA:112,3,0,0
BRDA:112,3,1,0
BRDA:113,4,0,0
BRDA:113,4,1,0
BRDA:114,5,0,0
BRDA:114,5,1,0
BRDA:133,6,0,0
BRDA:133,6,1,0
BRDA:134,7,0,0
BRDA:134,7,1,0
BRDA:134,8,0,0
BRDA:134,8,1,0
BRDA:135,9,0,0
BRDA:135,9,1,0
BRDA:135,10,0,0
BRDA:135,10,1,0
BRDA:138,11,0,0
BRDA:138,11,1,0
BRDA:146,12,0,0
BRDA:146,12,1,0
BRDA:146,12,2,0
BRDA:146,12,3,0
BRDA:146,12,4,0
BRDA:173,13,0,0
BRDA:173,13,1,0
BRDA:173,14,0,0
BRDA:173,14,1,0
BRDA:174,15,0,0
BRDA:174,15,1,0
BRDA:183,16,0,0
BRDA:183,16,1,0
BRDA:184,17,0,0
BRDA:184,17,1,0
BRDA:184,18,0,0
BRDA:184,18,1,0
BRDA:189,19,0,0
BRDA:189,19,1,0
BRDA:198,20,0,0
BRDA:198,20,1,0
BRDA:219,21,0,0
BRDA:219,21,1,0
BRDA:222,22,0,0
BRDA:222,22,1,0
BRDA:222,23,0,0
BRDA:222,23,1,0
BRDA:224,24,0,0
BRDA:224,24,1,0
BRDA:224,24,2,0
BRDA:224,24,3,0
BRDA:224,24,4,0
BRDA:228,25,0,0
BRDA:228,25,1,0
BRDA:231,26,0,0
BRDA:231,26,1,0
BRDA:237,27,0,0
BRDA:237,27,1,0
BRDA:237,27,2,0
BRDA:237,27,3,0
BRDA:240,28,0,0
BRDA:240,28,1,0
BRDA:265,29,0,0
BRDA:265,29,1,0
BRDA:269,30,0,0
BRDA:269,30,1,0
BRDA:269,30,2,0
BRDA:269,30,3,0
BRDA:269,30,4,0
BRDA:289,31,0,0
BRDA:289,31,1,0
BRDA:310,32,0,0
BRDA:310,32,1,0
BRDA:322,33,0,0
BRDA:322,33,1,0
BRDA:322,34,0,0
BRDA:322,34,1,0
BRDA:348,35,0,0
BRDA:348,35,1,0
BRDA:350,36,0,0
BRDA:350,36,1,0
BRDA:364,37,0,0
BRDA:364,37,1,0
BRDA:366,38,0,0
BRDA:366,38,1,0
BRDA:383,39,0,0
BRDA:383,39,1,0
BRDA:385,40,0,0
BRDA:385,40,1,0
BRDA:386,41,0,0
BRDA:386,41,1,0
BRDA:393,42,0,0
BRDA:393,42,1,0
BRDA:399,43,0,0
BRDA:399,43,1,0
BRDA:402,44,0,0
BRDA:402,44,1,0
BRDA:423,45,0,0
BRDA:423,45,1,0
BRDA:425,46,0,0
BRDA:425,46,1,0
BRDA:426,47,0,0
BRDA:426,47,1,0
BRDA:433,48,0,0
BRDA:433,48,1,0
BRDA:439,49,0,0
BRDA:439,49,1,0
BRDA:442,50,0,0
BRDA:442,50,1,0
BRDA:456,51,0,0
BRDA:456,51,1,0
BRDA:460,52,0,0
BRDA:460,52,1,0
BRDA:481,53,0,0
BRDA:481,53,1,0
BRDA:485,54,0,0
BRDA:485,54,1,0
BRDA:487,55,0,0
BRDA:487,55,1,0
BRDA:489,56,0,0
BRDA:489,56,1,0
BRDA:491,57,0,0
BRDA:491,57,1,0
BRDA:493,58,0,0
BRDA:493,58,1,0
BRDA:495,59,0,0
BRDA:495,59,1,0
BRDA:495,60,0,0
BRDA:495,60,1,0
BRDA:511,61,0,0
BRDA:511,61,1,0
BRDA:530,62,0,0
BRDA:530,62,1,0
BRDA:534,63,0,0
BRDA:534,63,1,0
BRF:139
BRH:0
end_of_record
TN:
SF:source/assets/scripts/drawable.js
FN:12,(anonymous_0)
FN:23,(anonymous_1)
FN:32,(anonymous_2)
FN:39,(anonymous_3)
FN:48,(anonymous_4)
FN:55,(anonymous_5)
FN:63,(anonymous_6)
FN:72,(anonymous_7)
FN:84,(anonymous_8)
FN:90,(anonymous_9)
FN:96,(anonymous_10)
FN:101,(anonymous_11)
FN:108,(anonymous_12)
FN:115,(anonymous_13)
FN:126,(anonymous_14)
FN:138,(anonymous_15)
FN:142,(anonymous_16)
FN:150,(anonymous_17)
FN:154,(anonymous_18)
FN:164,(anonymous_19)
FN:173,(anonymous_20)
FN:184,(anonymous_21)
FN:206,(anonymous_22)
FN:228,(anonymous_23)
FN:282,(anonymous_24)
FN:286,(anonymous_25)
FN:291,(anonymous_26)
FN:333,(anonymous_27)
FN:342,(anonymous_28)
FN:357,(anonymous_29)
FN:362,(anonymous_30)
FN:367,(anonymous_31)
FN:379,(anonymous_32)
FN:397,(anonymous_33)
FN:409,(anonymous_34)
FN:425,(anonymous_35)
FN:429,(anonymous_36)
FN:439,(anonymous_37)
FN:457,(anonymous_38)
FN:476,(anonymous_39)
FN:486,(anonymous_40)
FN:495,(anonymous_41)
FN:506,(anonymous_42)
FN:510,(anonymous_43)
FN:514,(anonymous_44)
FN:521,(anonymous_45)
FN:543,(anonymous_46)
FN:547,(anonymous_47)
FN:551,(anonymous_48)
FN:566,(anonymous_49)
FN:587,(anonymous_50)
FN:596,(anonymous_51)
FN:642,(anonymous_52)
FNF:53
FNH:0
FNDA:0,(anonymous_0)
FNDA:0,(anonymous_1)
FNDA:0,(anonymous_2)
FNDA:0,(anonymous_3)
FNDA:0,(anonymous_4)
FNDA:0,(anonymous_5)
FNDA:0,(anonymous_6)
FNDA:0,(anonymous_7)
FNDA:0,(anonymous_8)
FNDA:0,(anonymous_9)
FNDA:0,(anonymous_10)
FNDA:0,(anonymous_11)
FNDA:0,(anonymous_12)
FNDA:0,(anonymous_13)
FNDA:0,(anonymous_14)
FNDA:0,(anonymous_15)
FNDA:0,(anonymous_16)
FNDA:0,(anonymous_17)
FNDA:0,(anonymous_18)
FNDA:0,(anonymous_19)
FNDA:0,(anonymous_20)
FNDA:0,(anonymous_21)
FNDA:0,(anonymous_22)
FNDA:0,(anonymous_23)
FNDA:0,(anonymous_24)
FNDA:0,(anonymous_25)
FNDA:0,(anonymous_26)
FNDA:0,(anonymous_27)
FNDA:0,(anonymous_28)
FNDA:0,(anonymous_29)
FNDA:0,(anonymous_30)
FNDA:0,(anonymous_31)
FNDA:0,(anonymous_32)
FNDA:0,(anonymous_33)
FNDA:0,(anonymous_34)
FNDA:0,(anonymous_35)
FNDA:0,(anonymous_36)
FNDA:0,(anonymous_37)
FNDA:0,(anonymous_38)
FNDA:0,(anonymous_39)
FNDA:0,(anonymous_40)
FNDA:0,(anonymous_41)
FNDA:0,(anonymous_42)
FNDA:0,(anonymous_43)
FNDA:0,(anonymous_44)
FNDA:0,(anonymous_45)
FNDA:0,(anonymous_46)
FNDA:0,(anonymous_47)
FNDA:0,(anonymous_48)
FNDA:0,(anonymous_49)
FNDA:0,(anonymous_50)
FNDA:0,(anonymous_51)
FNDA:0,(anonymous_52)
DA:12,0
DA:23,0
DA:32,0
DA:48,0
DA:72,0
DA:84,0
DA:116,0
DA:118,0
DA:119,0
DA:121,0
DA:122,0
DA:123,0
DA:127,0
DA:128,0
DA:130,0
DA:131,0
DA:132,0
DA:133,0
DA:135,0
DA:139,0
DA:143,0
DA:144,0
DA:146,0
DA:147,0
DA:151,0
DA:155,0
DA:156,0
DA:158,0
DA:159,0
DA:160,0
DA:161,0
DA:174,0
DA:176,0
DA:177,0
DA:179,0
DA:180,0
DA:181,0
DA:185,0
DA:186,0
DA:188,0
DA:189,0
DA:191,0
DA:192,0
DA:193,0
DA:194,0
DA:196,0
DA:197,0
DA:198,0
DA:199,0
DA:201,0
DA:203,0
DA:207,0
DA:209,0
DA:210,0
DA:212,0
DA:213,0
DA:214,0
DA:215,0
DA:217,0
DA:218,0
DA:220,0
DA:225,0
DA:229,0
DA:230,0
DA:232,0
DA:234,0
DA:235,0
DA:236,0
DA:237,0
DA:238,0
DA:239,0
DA:240,0
DA:241,0
DA:242,0
DA:243,0
DA:244,0
DA:247,0
DA:248,0
DA:250,0
DA:251,0
DA:253,0
DA:254,0
DA:257,0
DA:258,0
DA:259,0
DA:261,0
DA:262,0
DA:265,0
DA:269,0
DA:271,0
DA:272,0
DA:275,0
DA:283,0
DA:287,0
DA:288,0
DA:292,0
DA:294,0
DA:295,0
DA:296,0
DA:297,0
DA:299,0
DA:300,0
DA:301,0
DA:303,0
DA:304,0
DA:305,0
DA:307,0
DA:308,0
DA:309,0
DA:310,0
DA:312,0
DA:313,0
DA:314,0
DA:315,0
DA:316,0
DA:317,0
DA:318,0
DA:320,0
DA:324,0
DA:325,0
DA:326,0
DA:328,0
DA:329,0
DA:334,0
DA:335,0
DA:336,0
DA:337,0
DA:339,0
DA:343,0
DA:348,0
DA:349,0
DA:350,0
DA:351,0
DA:354,0
DA:358,0
DA:359,0
DA:363,0
DA:364,0
DA:368,0
DA:380,0
DA:381,0
DA:382,0
DA:383,0
DA:384,0
DA:385,0
DA:386,0
DA:387,0
DA:398,0
DA:400,0
DA:401,0
DA:402,0
DA:405,0
DA:406,0
DA:410,0
DA:411,0
DA:413,0
DA:414,0
DA:416,0
DA:417,0
DA:418,0
DA:419,0
DA:422,0
DA:426,0
DA:430,0
DA:440,0
DA:441,0
DA:442,0
DA:443,0
DA:444,0
DA:445,0
DA:446,0
DA:447,0
DA:458,0
DA:460,0
DA:461,0
DA:463,0
DA:464,0
DA:465,0
DA:467,0
DA:468,0
DA:469,0
DA:470,0
DA:472,0
DA:473,0
DA:477,0
DA:478,0
DA:480,0
DA:481,0
DA:483,0
DA:487,0
DA:489,0
DA:490,0
DA:492,0
DA:496,0
DA:497,0
DA:499,0
DA:500,0
DA:502,0
DA:503,0
DA:507,0
DA:511,0
DA:515,0
DA:516,0
DA:518,0
DA:522,0
DA:524,0
DA:525,0
DA:527,0
DA:529,0
DA:530,0
DA:531,0
DA:532,0
DA:534,0
DA:535,0
DA:536,0
DA:538,0
DA:539,0
DA:540,0
DA:544,0
DA:548,0
DA:552,0
DA:567,0
DA:568,0
DA:569,0
DA:570,0
DA:571,0
DA:572,0
DA:573,0
DA:574,0
DA:575,0
DA:576,0
DA:577,0
DA:588,0
DA:590,0
DA:591,0
DA:593,0
DA:597,0
DA:599,0
DA:600,0
DA:601,0
DA:602,0
DA:604,0
DA:605,0
DA:606,0
DA:607,0
DA:610,0
DA:612,0
DA:613,0
DA:614,0
DA:616,0
DA:617,0
DA:618,0
DA:619,0
DA:621,0
DA:622,0
DA:623,0
DA:624,0
DA:625,0
DA:626,0
DA:627,0
DA:629,0
DA:633,0
DA:634,0
DA:635,0
DA:637,0
DA:638,0
DA:643,0
DA:644,0
DA:645,0
DA:646,0
DA:648,0
LF:271
LH:0
BRDA:234,0,0,0
BRDA:234,0,1,0
BRDA:234,0,2,0
BRDA:234,0,3,0
BRDA:234,0,4,0
BRDA:234,0,5,0
BRDA:234,0,6,0
BRDA:234,0,7,0
BRDA:234,0,8,0
BRDA:234,0,9,0
BRDA:250,1,0,0
BRDA:250,1,1,0
BRDA:251,2,0,0
BRDA:251,2,1,0
BRDA:253,3,0,0
BRDA:253,3,1,0
BRDA:254,4,0,0
BRDA:254,4,1,0
BRDA:257,5,0,0
BRDA:257,5,1,0
BRDA:257,6,0,0
BRDA:257,6,1,0
BRDA:257,6,2,0
BRDA:258,7,0,0
BRDA:258,7,1,0
BRDA:261,8,0,0
BRDA:261,8,1,0
BRDA:263,9,0,0
BRDA:263,9,1,0
BRDA:266,10,0,0
BRDA:266,10,1,0
BRDA:271,11,0,0
BRDA:271,11,1,0
BRDA:273,12,0,0
BRDA:273,12,1,0
BRDA:276,13,0,0
BRDA:276,13,1,0
BRDA:292,14,0,0
BRDA:292,14,1,0
BRDA:339,15,0,0
BRDA:339,15,1,0
BRDA:339,15,2,0
BRDA:339,15,3,0
BRDA:351,16,0,0
BRDA:351,16,1,0
BRDA:351,17,0,0
BRDA:351,17,1,0
BRDA:380,18,0,0
BRDA:380,18,1,0
BRDA:381,19,0,0
BRDA:381,19,1,0
BRDA:381,20,0,0
BRDA:381,20,1,0
BRDA:382,21,0,0
BRDA:382,21,1,0
BRDA:382,22,0,0
BRDA:382,22,1,0
BRDA:383,23,0,0
BRDA:383,23,1,0
BRDA:383,24,0,0
BRDA:383,24,1,0
BRDA:384,25,0,0
BRDA:384,25,1,0
BRDA:384,26,0,0
BRDA:384,26,1,0
BRDA:385,27,0,0
BRDA:385,27,1,0
BRDA:385,28,0,0
BRDA:385,28,1,0
BRDA:386,29,0,0
BRDA:386,29,1,0
BRDA:386,30,0,0
BRDA:386,30,1,0
BRDA:387,31,0,0
BRDA:387,31,1,0
BRDA:387,32,0,0
BRDA:387,32,1,0
BRDA:400,33,0,0
BRDA:400,33,1,0
BRDA:400,34,0,0
BRDA:400,34,1,0
BRDA:402,35,0,0
BRDA:402,35,1,0
BRDA:416,36,0,0
BRDA:416,36,1,0
BRDA:440,37,0,0
BRDA:440,37,1,0
BRDA:441,38,0,0
BRDA:441,38,1,0
BRDA:441,39,0,0
BRDA:441,39,1,0
BRDA:442,40,0,0
BRDA:442,40,1,0
BRDA:442,41,0,0
BRDA:442,41,1,0
BRDA:443,42,0,0
BRDA:443,42,1,0
BRDA:443,43,0,0
BRDA:443,43,1,0
BRDA:444,44,0,0
BRDA:444,44,1,0
BRDA:444,45,0,0
BRDA:444,45,1,0
BRDA:445,46,0,0
BRDA:445,46,1,0
BRDA:445,47,0,0
BRDA:445,47,1,0
BRDA:511,48,0,0
BRDA:511,48,1,0
BRDA:511,48,2,0
BRDA:511,48,3,0
BRDA:515,49,0,0
BRDA:515,49,1,0
BRDA:515,50,0,0
BRDA:515,50,1,0
BRDA:522,51,0,0
BRDA:522,51,1,0
BRDA:524,52,0,0
BRDA:524,52,1,0
BRDA:524,53,0,0
BRDA:524,53,1,0
BRDA:567,54,0,0
BRDA:567,54,1,0
BRDA:568,55,0,0
BRDA:568,55,1,0
BRDA:568,56,0,0
BRDA:568,56,1,0
BRDA:569,57,0,0
BRDA:569,57,1,0
BRDA:569,58,0,0
BRDA:569,58,1,0
BRDA:570,59,0,0
BRDA:570,59,1,0
BRDA:570,60,0,0
BRDA:570,60,1,0
BRDA:571,61,0,0
BRDA:571,61,1,0
BRDA:571,62,0,0
BRDA:571,62,1,0
BRDA:572,63,0,0
BRDA:572,63,1,0
BRDA:572,64,0,0
BRDA:572,64,1,0
BRDA:573,65,0,0
BRDA:573,65,1,0
BRDA:573,66,0,0
BRDA:573,66,1,0
BRDA:574,67,0,0
BRDA:574,67,1,0
BRDA:574,68,0,0
BRDA:574,68,1,0
BRDA:575,69,0,0
BRDA:575,69,1,0
BRDA:575,70,0,0
BRDA:575,70,1,0
BRDA:576,71,0,0
BRDA:576,71,1,0
BRDA:576,72,0,0
BRDA:576,72,1,0
BRDA:577,73,0,0
BRDA:577,73,1,0
BRDA:577,74,0,0
BRDA:577,74,1,0
BRDA:597,75,0,0
BRDA:597,75,1,0
BRF:165
BRH:0
end_of_record
TN:
SF:source/assets/scripts/editor-page.js
FN:9,setSaved
FN:14,saveAs
FN:38,deleteCard
FN:56,importCardsList
FN:62,exportCardsList
FN:66,importCurrentCardName
FN:72,exportCurrentCardName
FN:76,reset
FN:104,init
FN:132,(anonymous_9)
FN:148,(anonymous_10)
FNF:11
FNH:1
FNDA:0,setSaved
FNDA:0,saveAs
FNDA:0,deleteCard
FNDA:1,importCardsList
FNDA:0,exportCardsList
FNDA:0,importCurrentCardName
FNDA:0,exportCurrentCardName
FNDA:0,reset
FNDA:0,init
FNDA:0,(anonymous_9)
FNDA:0,(anonymous_10)
DA:6,1
DA:8,1
DA:10,0
DA:13,1
DA:15,0
DA:16,0
DA:17,0
DA:18,0
DA:22,0
DA:23,0
DA:24,0
DA:25,0
DA:29,0
DA:32,0
DA:33,0
DA:34,0
DA:35,0
DA:39,0
DA:41,0
DA:42,0
DA:44,0
DA:45,0
DA:46,0
DA:49,0
DA:50,0
DA:52,0
DA:57,1
DA:58,1
DA:59,0
DA:63,0
DA:67,0
DA:68,0
DA:69,0
DA:73,0
DA:77,0
DA:78,0
DA:79,0
DA:81,0
DA:82,0
DA:83,0
DA:85,0
DA:86,0
DA:87,0
DA:88,0
DA:89,0
DA:90,0
DA:92,0
DA:93,0
DA:96,0
DA:97,0
DA:105,0
DA:106,0
DA:107,0
DA:108,0
DA:110,0
DA:111,0
DA:113,0
DA:114,0
DA:116,0
DA:117,0
DA:119,0
DA:120,0
DA:121,0
DA:122,0
DA:123,0
DA:124,0
DA:127,0
DA:128,0
DA:130,0
DA:132,0
DA:133,0
DA:134,0
DA:135,0
DA:137,0
DA:138,0
DA:139,0
DA:140,0
DA:142,0
DA:143,0
DA:144,0
DA:148,0
DA:149,0
DA:150,0
DA:151,0
DA:154,0
LF:85
LH:5
BRDA:15,0,0,0
BRDA:15,0,1,0
BRDA:15,1,0,0
BRDA:15,1,1,0
BRDA:24,2,0,0
BRDA:24,2,1,0
BRDA:41,3,0,0
BRDA:41,3,1,0
BRDA:58,4,0,1
BRDA:58,4,1,0
BRDA:63,5,0,0
BRDA:63,5,1,0
BRDA:68,6,0,0
BRDA:68,6,1,0
BRDA:87,7,0,0
BRDA:87,7,1,0
BRDA:121,8,0,0
BRDA:121,8,1,0
BRDA:137,9,0,0
BRDA:137,9,1,0
BRDA:151,10,0,0
BRDA:151,10,1,0
BRDA:151,11,0,0
BRDA:151,11,1,0
BRDA:151,11,2,0
BRF:25
BRH:1
end_of_record
TN:
SF:source/assets/scripts/homepage.js
FN:7,(anonymous_0)
FN:31,(anonymous_1)
FN:40,(anonymous_2)
FN:49,uploadFeature
FN:52,(anonymous_4)
FN:65,(anonymous_5)
FN:72,(anonymous_6)
FN:77,(anonymous_7)
FN:85,(anonymous_8)
FN:99,(anonymous_9)
FN:105,(anonymous_10)
FN:121,(anonymous_11)
FN:130,handleFiles
FN:145,yourCardFeature
FN:148,(anonymous_14)
FN:208,(anonymous_15)
FN:213,(anonymous_16)
FN:244,renderYourCard
FN:259,(anonymous_18)
FN:265,searchLocalStorage
FN:309,(anonymous_20)
FN:312,(anonymous_21)
FN:315,(anonymous_22)
FNF:23
FNH:3
FNDA:0,(anonymous_0)
FNDA:0,(anonymous_1)
FNDA:0,(anonymous_2)
FNDA:1,uploadFeature
FNDA:1,(anonymous_4)
FNDA:0,(anonymous_5)
FNDA:0,(anonymous_6)
FNDA:0,(anonymous_7)
FNDA:0,(anonymous_8)
FNDA:0,(anonymous_9)
FNDA:0,(anonymous_10)
FNDA:0,(anonymous_11)
FNDA:1,handleFiles
FNDA:0,yourCardFeature
FNDA:0,(anonymous_14)
FNDA:0,(anonymous_15)
FNDA:0,(anonymous_16)
FNDA:0,renderYourCard
FNDA:0,(anonymous_18)
FNDA:0,searchLocalStorage
FNDA:0,(anonymous_20)
FNDA:0,(anonymous_21)
FNDA:0,(anonymous_22)
DA:5,1
DA:7,1
DA:8,0
DA:9,0
DA:10,0
DA:11,0
DA:13,0
DA:14,0
DA:17,0
DA:18,0
DA:19,0
DA:20,0
DA:23,0
DA:24,0
DA:25,0
DA:29,0
DA:31,0
DA:32,0
DA:33,0
DA:34,0
DA:35,0
DA:37,0
DA:40,0
DA:41,0
DA:44,0
DA:45,0
DA:50,1
DA:52,1
DA:54,1
DA:55,1
DA:56,1
DA:60,1
DA:62,1
DA:63,1
DA:64,1
DA:65,1
DA:66,0
DA:67,0
DA:68,0
DA:69,0
DA:72,1
DA:73,0
DA:74,0
DA:77,1
DA:78,0
DA:82,1
DA:83,1
DA:84,1
DA:85,1
DA:86,0
DA:87,0
DA:90,1
DA:91,1
DA:92,1
DA:94,1
DA:95,1
DA:96,1
DA:97,1
DA:99,1
DA:100,0
DA:101,0
DA:105,1
DA:106,0
DA:109,1
DA:110,1
DA:111,1
DA:112,1
DA:114,1
DA:116,1
DA:121,1
DA:122,0
DA:123,0
DA:131,1
DA:132,1
DA:134,1
DA:135,1
DA:136,1
DA:137,1
DA:139,0
DA:140,0
DA:146,0
DA:148,0
DA:150,0
DA:151,0
DA:153,0
DA:154,0
DA:156,0
DA:157,0
DA:160,0
DA:162,0
DA:163,0
DA:164,0
DA:168,0
DA:170,0
DA:171,0
DA:172,0
DA:175,0
DA:177,0
DA:178,0
DA:179,0
DA:182,0
DA:184,0
DA:185,0
DA:186,0
DA:190,0
DA:191,0
DA:192,0
DA:196,0
DA:197,0
DA:198,0
DA:200,0
DA:201,0
DA:202,0
DA:208,0
DA:209,0
DA:213,0
DA:214,0
DA:215,0
DA:221,0
DA:222,0
DA:223,0
DA:224,0
DA:225,0
DA:226,0
DA:227,0
DA:228,0
DA:229,0
DA:230,0
DA:231,0
DA:245,0
DA:254,0
DA:255,0
DA:256,0
DA:257,0
DA:258,0
DA:259,0
DA:260,0
DA:266,0
DA:267,0
DA:268,0
DA:269,0
DA:270,0
DA:271,0
DA:272,0
DA:273,0
DA:275,0
DA:276,0
DA:277,0
DA:278,0
DA:281,0
DA:282,0
DA:283,0
DA:284,0
DA:285,0
DA:287,0
DA:288,0
DA:289,0
DA:290,0
DA:294,0
DA:295,0
DA:297,0
DA:298,0
DA:301,0
DA:302,0
DA:303,0
DA:304,0
DA:306,0
DA:307,0
DA:308,0
DA:309,0
DA:310,0
DA:312,0
DA:313,0
DA:315,0
DA:316,0
DA:318,0
DA:319,0
DA:323,0
DA:324,0
LF:179
LH:40
BRDA:13,0,0,0
BRDA:13,0,1,0
BRDA:17,1,0,0
BRDA:17,1,1,0
BRDA:19,2,0,0
BRDA:19,2,1,0
BRDA:24,3,0,0
BRDA:24,3,1,0
BRDA:35,4,0,0
BRDA:35,4,1,0
BRDA:37,5,0,0
BRDA:37,5,1,0
BRDA:100,6,0,0
BRDA:100,6,1,0
BRDA:122,7,0,0
BRDA:122,7,1,0
BRDA:132,8,0,0
BRDA:132,8,1,1
BRDA:135,9,0,1
BRDA:135,9,1,0
BRDA:214,10,0,0
BRDA:214,10,1,0
BRDA:269,11,0,0
BRDA:269,11,1,0
BRDA:288,12,0,0
BRDA:288,12,1,0
BRDA:303,13,0,0
BRDA:303,13,1,0
BRDA:303,14,0,0
BRDA:303,14,1,0
BRDA:323,15,0,0
BRDA:323,15,1,0
BRDA:323,16,0,0
BRDA:323,16,1,0
BRF:34
BRH:2
end_of_record
TN:
SF:source/assets/scripts/shadow-dom.js
FN:46,(anonymous_0)
FN:99,(anonymous_1)
FN:101,(anonymous_2)
FN:108,(anonymous_3)
FN:115,(anonymous_4)
FN:121,(anonymous_5)
FN:127,(anonymous_6)
FN:133,(anonymous_7)
FN:139,(anonymous_8)
FN:145,(anonymous_9)
FN:151,(anonymous_10)
FN:157,(anonymous_11)
FN:163,(anonymous_12)
FN:172,(anonymous_13)
FN:177,(anonymous_14)
FN:182,(anonymous_15)
FN:217,(anonymous_16)
FN:253,(anonymous_17)
FN:256,(anonymous_18)
FN:262,(anonymous_19)
FN:270,(anonymous_20)
FN:276,(anonymous_21)
FN:283,(anonymous_22)
FN:289,(anonymous_23)
FN:295,(anonymous_24)
FN:301,(anonymous_25)
FN:310,(anonymous_26)
FN:315,(anonymous_27)
FN:320,(anonymous_28)
FN:346,(anonymous_29)
FN:381,(anonymous_30)
FN:384,(anonymous_31)
FN:390,(anonymous_32)
FN:398,(anonymous_33)
FN:404,(anonymous_34)
FN:411,(anonymous_35)
FN:418,(anonymous_36)
FN:423,(anonymous_37)
FN:428,(anonymous_38)
FN:444,clampToInt
FN:450,rgbToHex
FN:457,hexToRgb
FNF:42
FNH:0
FNDA:0,(anonymous_0)
FNDA:0,(anonymous_1)
FNDA:0,(anonymous_2)
FNDA:0,(anonymous_3)
FNDA:0,(anonymous_4)
FNDA:0,(anonymous_5)
FNDA:0,(anonymous_6)
FNDA:0,(anonymous_7)
FNDA:0,(anonymous_8)
FNDA:0,(anonymous_9)
FNDA:0,(anonymous_10)
FNDA:0,(anonymous_11)
FNDA:0,(anonymous_12)
FNDA:0,(anonymous_13)
FNDA:0,(anonymous_14)
FNDA:0,(anonymous_15)
FNDA:0,(anonymous_16)
FNDA:0,(anonymous_17)
FNDA:0,(anonymous_18)
FNDA:0,(anonymous_19)
FNDA:0,(anonymous_20)
FNDA:0,(anonymous_21)
FNDA:0,(anonymous_22)
FNDA:0,(anonymous_23)
FNDA:0,(anonymous_24)
FNDA:0,(anonymous_25)
FNDA:0,(anonymous_26)
FNDA:0,(anonymous_27)
FNDA:0,(anonymous_28)
FNDA:0,(anonymous_29)
FNDA:0,(anonymous_30)
FNDA:0,(anonymous_31)
FNDA:0,(anonymous_32)
FNDA:0,(anonymous_33)
FNDA:0,(anonymous_34)
FNDA:0,(anonymous_35)
FNDA:0,(anonymous_36)
FNDA:0,(anonymous_37)
FNDA:0,(anonymous_38)
FNDA:0,clampToInt
FNDA:0,rgbToHex
FNDA:0,hexToRgb
DA:7,1
DA:47,0
DA:49,0
DA:50,0
DA:51,0
DA:90,0
DA:91,0
DA:93,0
DA:94,0
DA:96,0
DA:100,0
DA:101,0
DA:102,0
DA:103,0
DA:104,0
DA:107,0
DA:108,0
DA:109,0
DA:110,0
DA:111,0
DA:114,0
DA:115,0
DA:116,0
DA:117,0
DA:120,0
DA:121,0
DA:122,0
DA:123,0
DA:126,0
DA:127,0
DA:128,0
DA:129,0
DA:132,0
DA:133,0
DA:134,0
DA:135,0
DA:138,0
DA:139,0
DA:140,0
DA:141,0
DA:144,0
DA:145,0
DA:146,0
DA:147,0
DA:150,0
DA:151,0
DA:152,0
DA:153,0
DA:156,0
DA:157,0
DA:158,0
DA:159,0
DA:162,0
DA:163,0
DA:164,0
DA:165,0
DA:166,0
DA:167,0
DA:168,0
DA:171,0
DA:172,0
DA:173,0
DA:178,0
DA:179,0
DA:183,0
DA:184,0
DA:186,0
DA:187,0
DA:189,0
DA:190,0
DA:191,0
DA:192,0
DA:194,0
DA:195,0
DA:197,0
DA:198,0
DA:199,0
DA:200,0
DA:201,0
DA:202,0
DA:204,0
DA:205,0
DA:206,0
DA:207,0
DA:209,0
DA:210,0
DA:218,0
DA:220,0
DA:221,0
DA:222,0
DA:244,0
DA:245,0
DA:247,0
DA:248,0
DA:250,0
DA:254,0
DA:255,0
DA:256,0
DA:257,0
DA:258,0
DA:259,0
DA:262,0
DA:263,0
DA:264,0
DA:265,0
DA:268,0
DA:269,0
DA:270,0
DA:271,0
DA:272,0
DA:273,0
DA:276,0
DA:277,0
DA:278,0
DA:279,0
DA:282,0
DA:283,0
DA:284,0
DA:285,0
DA:288,0
DA:289,0
DA:290,0
DA:291,0
DA:294,0
DA:295,0
DA:296,0
DA:297,0
DA:300,0
DA:301,0
DA:302,0
DA:303,0
DA:304,0
DA:305,0
DA:306,0
DA:309,0
DA:310,0
DA:311,0
DA:316,0
DA:317,0
DA:321,0
DA:322,0
DA:323,0
DA:324,0
DA:326,0
DA:327,0
DA:328,0
DA:329,0
DA:331,0
DA:332,0
DA:333,0
DA:334,0
DA:335,0
DA:336,0
DA:338,0
DA:339,0
DA:347,0
DA:349,0
DA:350,0
DA:352,0
DA:372,0
DA:373,0
DA:375,0
DA:376,0
DA:378,0
DA:382,0
DA:383,0
DA:384,0
DA:385,0
DA:386,0
DA:387,0
DA:390,0
DA:391,0
DA:392,0
DA:393,0
DA:396,0
DA:397,0
DA:398,0
DA:399,0
DA:400,0
DA:401,0
DA:404,0
DA:405,0
DA:406,0
DA:407,0
DA:410,0
DA:411,0
DA:412,0
DA:413,0
DA:414,0
DA:417,0
DA:418,0
DA:419,0
DA:424,0
DA:425,0
DA:429,0
DA:430,0
DA:431,0
DA:432,0
DA:434,0
DA:435,0
DA:436,0
DA:437,0
DA:439,0
DA:440,0
DA:445,0
DA:446,0
DA:447,0
DA:451,0
DA:452,0
DA:453,0
DA:454,0
DA:458,0
DA:459,0
DA:460,0
DA:461,0
DA:462,0
DA:465,1
DA:466,1
DA:467,1
LF:219
LH:4
BRF:0
BRH:0
end_of_record
TN:
SF:source/assets/scripts/toolbar.js
FN:13,(anonymous_0)
FN:36,(anonymous_1)
FN:60,(anonymous_2)
FNF:3
FNH:0
FNDA:0,(anonymous_0)
FNDA:0,(anonymous_1)
FNDA:0,(anonymous_2)
DA:14,0
DA:15,0
DA:16,0
DA:17,0
DA:21,0
DA:24,0
DA:25,0
DA:26,0
DA:37,0
DA:38,0
DA:39,0
DA:40,0
DA:41,0
DA:42,0
DA:43,0
DA:44,0
DA:45,0
DA:46,0
DA:47,0
DA:49,0
DA:50,0
DA:61,0
DA:62,0
DA:63,0
DA:64,0
DA:65,0
DA:66,0
DA:67,0
DA:68,0
DA:69,0
DA:70,0
DA:71,0
DA:72,0
LF:33
LH:0
BRDA:16,0,0,0
BRDA:16,0,1,0
BRDA:16,0,2,0
BRDA:16,0,3,0
BRDA:16,0,4,0
BRDA:16,0,5,0
BRDA:16,0,6,0
BRDA:16,0,7,0
BRDA:16,0,8,0
BRDA:16,0,9,0
BRDA:37,1,0,0
BRDA:37,1,1,0
BRDA:37,1,2,0
BRDA:37,1,3,0
BRDA:37,1,4,0
BRDA:37,1,5,0
BRDA:37,1,6,0
BRDA:37,1,7,0
BRDA:37,1,8,0
BRDA:37,1,9,0
BRDA:37,1,10,0
BRDA:61,2,0,0
BRDA:61,2,1,0
BRDA:61,2,2,0
BRDA:61,2,3,0
BRDA:61,2,4,0
BRDA:61,2,5,0
BRDA:61,2,6,0
BRDA:61,2,7,0
BRDA:61,2,8,0
BRDA:61,2,9,0
BRDA:61,2,10,0
BRF:32
BRH:0
end_of_record
TN:
SF:source/assets/scripts/topbar.js
FN:3,initListeners
FN:5,(anonymous_1)
FN:13,(anonymous_2)
FN:21,removePopupMenu
FN:29,triggerDeleteMenu
FN:71,(anonymous_5)
FN:78,triggerSaveAsMenu
FN:125,(anonymous_7)
FN:132,setName
FNF:9
FNH:0
FNDA:0,initListeners
FNDA:0,(anonymous_1)
FNDA:0,(anonymous_2)
FNDA:0,removePopupMenu
FNDA:0,triggerDeleteMenu
FNDA:0,(anonymous_5)
FNDA:0,triggerSaveAsMenu
FNDA:0,(anonymous_7)
FNDA:0,setName
DA:4,0
DA:5,0
DA:6,0
DA:9,0
DA:10,0
DA:12,0
DA:13,0
DA:14,0
DA:17,0
DA:18,0
DA:22,0
DA:23,0
DA:25,0
DA:26,0
DA:30,0
DA:31,0
DA:33,0
DA:38,0
DA:40,0
DA:41,0
DA:68,0
DA:70,0
DA:71,0
DA:72,0
DA:73,0
DA:74,0
DA:79,0
DA:80,0
DA:82,0
DA:88,0
DA:90,0
DA:91,0
DA:122,0
DA:124,0
DA:125,0
DA:126,0
DA:127,0
DA:128,0
DA:133,0
DA:135,0
DA:136,0
DA:137,0
DA:138,0
DA:141,0
DA:142,0
DA:143,0
DA:144,0
LF:47
LH:0
BRDA:23,0,0,0
BRDA:23,0,1,0
BRDA:31,1,0,0
BRDA:31,1,1,0
BRDA:80,2,0,0
BRDA:80,2,1,0
BRDA:133,3,0,0
BRDA:133,3,1,0
BRDA:136,4,0,0
BRDA:136,4,1,0
BRDA:143,5,0,0
BRDA:143,5,1,0
BRF:12
BRH:0
end_of_record
TN:
SF:source/assets/scripts/view_all_card.js
FN:3,renderScaledPreview
FN:47,(anonymous_1)
FN:51,(anonymous_2)
FN:74,(anonymous_3)
FN:98,(anonymous_4)
FN:102,(anonymous_5)
FN:148,(anonymous_6)
FNF:7
FNH:0
FNDA:0,renderScaledPreview
FNDA:0,(anonymous_1)
FNDA:0,(anonymous_2)
FNDA:0,(anonymous_3)
FNDA:0,(anonymous_4)
FNDA:0,(anonymous_5)
FNDA:0,(anonymous_6)
DA:4,0
DA:5,0
DA:6,0
DA:7,0
DA:9,0
DA:11,0
DA:12,0
DA:14,0
DA:15,0
DA:17,0
DA:18,0
DA:20,0
DA:21,0
DA:23,0
DA:24,0
DA:25,0
DA:26,0
DA:27,0
DA:28,0
DA:31,0
DA:32,0
DA:33,0
DA:34,0
DA:36,0
DA:37,0
DA:38,0
DA:39,0
DA:41,0
DA:42,0
DA:43,0
DA:45,0
DA:46,0
DA:47,0
DA:48,0
DA:49,0
DA:51,0
DA:52,0
DA:54,0
DA:57,0
DA:58,0
DA:59,0
DA:66,0
DA:67,0
DA:69,0
DA:74,1
DA:75,0
DA:76,0
DA:77,0
DA:78,0
DA:80,0
DA:81,0
DA:82,0
DA:83,0
DA:85,0
DA:86,0
DA:87,0
DA:89,0
DA:90,0
DA:91,0
DA:92,0
DA:94,0
DA:95,0
DA:96,0
DA:98,0
DA:99,0
DA:102,0
DA:103,0
DA:104,0
DA:105,0
DA:107,0
DA:108,0
DA:110,0
DA:111,0
DA:113,0
DA:114,0
DA:115,0
DA:117,0
DA:118,0
DA:120,0
DA:122,0
DA:123,0
DA:124,0
DA:126,0
DA:127,0
DA:128,0
DA:129,0
DA:130,0
DA:132,0
DA:133,0
DA:136,0
DA:138,0
DA:139,0
DA:141,0
DA:142,0
DA:143,0
DA:144,0
DA:146,0
DA:148,0
DA:149,0
DA:150,0
DA:151,0
LF:101
LH:1
BRDA:5,0,0,0
BRDA:5,0,1,0
BRDA:14,1,0,0
BRDA:14,1,1,0
BRDA:15,2,0,0
BRDA:15,2,1,0
BRDA:23,3,0,0
BRDA:23,3,1,0
BRDA:23,4,0,0
BRDA:23,4,1,0
BRDA:34,5,0,0
BRDA:34,5,1,0
BRDA:34,5,2,0
BRDA:34,5,3,0
BRDA:34,5,4,0
BRDA:36,6,0,0
BRDA:36,6,1,0
BRDA:36,7,0,0
BRDA:36,7,1,0
BRDA:149,8,0,0
BRDA:149,8,1,0
BRF:21
BRH:0
end_of_record
