TN:
SF:source/assets/scripts/homepage.js
FN:6,(anonymous_0)
FN:34,(anonymous_1)
FN:44,(anonymous_2)
FN:48,(anonymous_3)
FN:60,newCard
FN:69,uploadFeature
FN:73,(anonymous_6)
FN:83,(anonymous_7)
FN:90,(anonymous_8)
FN:97,(anonymous_9)
FN:105,(anonymous_10)
FN:119,(anonymous_11)
FN:125,(anonymous_12)
FN:137,(anonymous_13)
FN:152,handleFiles
FN:160,(anonymous_15)
FN:187,(anonymous_16)
FN:198,yourCardFeature
FN:207,(anonymous_18)
FN:262,(anonymous_19)
FN:268,(anonymous_20)
FN:271,(anonymous_21)
FN:278,(anonymous_22)
FN:308,deleteDialog
FN:309,(anonymous_24)
FN:321,(anonymous_25)
FN:325,(anonymous_26)
FN:349,renderYourCard
FN:356,(anonymous_28)
FN:370,searchLocalStorage
FN:412,(anonymous_30)
FN:419,(anonymous_31)
FN:422,(anonymous_32)
FNF:33
FNH:13
FNDA:1,(anonymous_0)
FNDA:0,(anonymous_1)
FNDA:0,(anonymous_2)
FNDA:0,(anonymous_3)
FNDA:0,newCard
FNDA:5,uploadFeature
FNDA:4,(anonymous_6)
FNDA:0,(anonymous_7)
FNDA:0,(anonymous_8)
FNDA:0,(anonymous_9)
FNDA:1,(anonymous_10)
FNDA:0,(anonymous_11)
FNDA:1,(anonymous_12)
FNDA:2,(anonymous_13)
FNDA:1,handleFiles
FNDA:1,(anonymous_15)
FNDA:0,(anonymous_16)
FNDA:2,yourCardFeature
FNDA:1,(anonymous_18)
FNDA:0,(anonymous_19)
FNDA:0,(anonymous_20)
FNDA:0,(anonymous_21)
FNDA:0,(anonymous_22)
FNDA:1,deleteDialog
FNDA:0,(anonymous_24)
FNDA:0,(anonymous_25)
FNDA:0,(anonymous_26)
FNDA:1,renderYourCard
FNDA:0,(anonymous_28)
FNDA:4,searchLocalStorage
FNDA:0,(anonymous_30)
FNDA:0,(anonymous_31)
FNDA:0,(anonymous_32)
DA:4,1
DA:6,1
DA:7,1
DA:8,1
DA:9,1
DA:10,1
DA:11,1
DA:12,1
DA:14,1
DA:15,0
DA:18,1
DA:19,1
DA:20,1
DA:21,1
DA:22,1
DA:25,0
DA:26,0
DA:27,0
DA:28,0
DA:32,1
DA:34,1
DA:35,0
DA:36,0
DA:37,0
DA:38,0
DA:39,0
DA:41,0
DA:44,1
DA:45,0
DA:48,1
DA:49,0
DA:52,1
DA:53,1
DA:61,0
DA:70,5
DA:71,5
DA:73,5
DA:75,4
DA:76,4
DA:77,4
DA:78,4
DA:80,4
DA:81,4
DA:82,4
DA:83,4
DA:84,0
DA:85,0
DA:86,0
DA:87,0
DA:90,4
DA:91,0
DA:92,0
DA:93,0
DA:97,4
DA:98,0
DA:102,4
DA:103,4
DA:104,4
DA:105,4
DA:106,1
DA:107,1
DA:110,4
DA:111,4
DA:112,4
DA:114,4
DA:115,4
DA:116,4
DA:117,4
DA:119,4
DA:120,0
DA:121,0
DA:125,4
DA:126,1
DA:129,4
DA:130,4
DA:131,4
DA:132,4
DA:134,4
DA:135,4
DA:137,4
DA:138,2
DA:139,1
DA:153,1
DA:154,1
DA:155,0
DA:158,1
DA:160,1
DA:161,1
DA:162,1
DA:163,1
DA:165,1
DA:166,1
DA:167,1
DA:168,1
DA:170,1
DA:172,1
DA:174,1
DA:175,1
DA:177,0
DA:178,0
DA:181,0
DA:182,0
DA:183,0
DA:187,1
DA:188,0
DA:189,0
DA:192,1
DA:199,2
DA:200,2
DA:201,2
DA:203,2
DA:204,1
DA:207,2
DA:209,1
DA:210,1
DA:212,1
DA:213,1
DA:215,1
DA:216,1
DA:219,1
DA:221,1
DA:222,1
DA:225,1
DA:227,1
DA:229,1
DA:230,1
DA:231,1
DA:234,1
DA:236,1
DA:237,1
DA:238,1
DA:241,1
DA:243,1
DA:244,1
DA:245,1
DA:248,1
DA:249,1
DA:250,1
DA:252,1
DA:253,1
DA:254,1
DA:256,1
DA:257,1
DA:258,1
DA:262,1
DA:263,0
DA:266,1
DA:267,1
DA:268,1
DA:269,0
DA:271,1
DA:272,0
DA:274,1
DA:278,1
DA:279,0
DA:280,0
DA:286,1
DA:287,1
DA:288,1
DA:289,1
DA:290,1
DA:291,1
DA:292,1
DA:293,1
DA:294,1
DA:295,1
DA:296,1
DA:297,1
DA:309,1
DA:310,0
DA:311,0
DA:312,0
DA:313,0
DA:314,0
DA:316,0
DA:317,0
DA:318,0
DA:319,0
DA:320,0
DA:321,0
DA:322,0
DA:325,0
DA:326,0
DA:327,0
DA:328,0
DA:330,0
DA:333,0
DA:334,0
DA:335,0
DA:336,0
DA:337,0
DA:350,1
DA:351,1
DA:352,1
DA:353,1
DA:354,1
DA:355,1
DA:356,1
DA:357,0
DA:360,0
DA:362,1
DA:371,4
DA:372,4
DA:373,4
DA:374,4
DA:375,4
DA:376,4
DA:377,4
DA:378,4
DA:379,4
DA:382,4
DA:383,4
DA:384,4
DA:385,4
DA:386,4
DA:388,4
DA:389,4
DA:390,1
DA:391,1
DA:395,3
DA:396,3
DA:398,1
DA:399,1
DA:402,2
DA:403,2
DA:404,2
DA:405,4
DA:406,1
DA:407,1
DA:409,1
DA:410,1
DA:411,1
DA:412,1
DA:413,0
DA:414,0
DA:416,0
DA:419,1
DA:420,0
DA:422,1
DA:423,0
DA:425,1
DA:426,1
DA:430,2
DA:431,1
LF:244
LH:178
BRDA:14,0,0,0
BRDA:14,0,1,1
BRDA:18,1,0,1
BRDA:18,1,1,0
BRDA:20,2,0,1
BRDA:20,2,1,0
BRDA:26,3,0,0
BRDA:26,3,1,0
BRDA:38,4,0,0
BRDA:38,4,1,0
BRDA:39,5,0,0
BRDA:39,5,1,0
BRDA:41,6,0,0
BRDA:41,6,1,0
BRDA:92,7,0,0
BRDA:92,7,1,0
BRDA:120,8,0,0
BRDA:120,8,1,0
BRDA:138,9,0,1
BRDA:138,9,1,1
BRDA:154,10,0,0
BRDA:154,10,1,1
BRDA:165,11,0,1
BRDA:165,11,1,0
BRDA:166,12,0,1
BRDA:166,12,1,1
BRDA:203,13,0,1
BRDA:203,13,1,1
BRDA:266,14,0,1
BRDA:266,14,1,0
BRDA:279,15,0,0
BRDA:279,15,1,0
BRDA:327,16,0,0
BRDA:327,16,1,0
BRDA:351,17,0,1
BRDA:351,17,1,0
BRDA:374,18,0,4
BRDA:374,18,1,0
BRDA:389,19,0,1
BRDA:389,19,1,3
BRDA:405,20,0,1
BRDA:405,20,1,3
BRDA:405,21,0,4
BRDA:405,21,1,1
BRDA:413,22,0,0
BRDA:413,22,1,0
BRDA:430,23,0,1
BRDA:430,23,1,1
BRDA:430,24,0,2
BRDA:430,24,1,1
BRF:50
BRH:24
end_of_record
